[0.007s] Invoking command in '/home/goku/ros2_custom/turtlebot3_ws/build/turtlebot3_gazebo': CMAKE_PREFIX_PATH=${CMAKE_PREFIX_PATH}:/home/goku/ros2_ws/install/ultimate_pkg:/home/goku/ros2_ws/install/ros2_project_py:/home/goku/ros2_ws/install/my_py_pkg:/home/goku/ros2_ws/install/first_bot:/opt/ros/humble /usr/bin/cmake /home/goku/ros2_custom/turtlebot3_ws/src/turtlebot3_gazebo -DCMAKE_INSTALL_PREFIX=/home/goku/ros2_custom/turtlebot3_ws/install/turtlebot3_gazebo
[0.086s] -- The C compiler identification is GNU 11.3.0
[0.121s] -- The CXX compiler identification is GNU 11.3.0
[0.129s] -- Detecting C compiler ABI info
[0.176s] -- Detecting C compiler ABI info - done
[0.180s] -- Check for working C compiler: /usr/lib/ccache/cc - skipped
[0.180s] -- Detecting C compile features
[0.180s] -- Detecting C compile features - done
[0.183s] -- Detecting CXX compiler ABI info
[0.232s] -- Detecting CXX compiler ABI info - done
[0.237s] -- Check for working CXX compiler: /usr/lib/ccache/c++ - skipped
[0.237s] -- Detecting CXX compile features
[0.237s] -- Detecting CXX compile features - done
[0.240s] -- Found ament_cmake: 1.3.4 (/opt/ros/humble/share/ament_cmake/cmake)
[0.448s] -- Found Python3: /usr/bin/python3.10 (found version "3.10.6") found components: Interpreter 
[0.520s] [33mCMake Warning (dev) at /usr/share/cmake-3.22/Modules/FindPackageHandleStandardArgs.cmake:438 (message):
[0.520s]   The package name passed to `find_package_handle_standard_args` (PkgConfig)
[0.520s]   does not match the name of the calling package (gazebo).  This can lead to
[0.521s]   problems in calling code that expects `find_package` result variables
[0.521s]   (e.g., `_FOUND`) to follow a certain pattern.
[0.521s] Call Stack (most recent call first):
[0.521s]   /usr/share/cmake-3.22/Modules/FindPkgConfig.cmake:99 (find_package_handle_standard_args)
[0.521s]   /usr/lib/x86_64-linux-gnu/cmake/gazebo/gazebo-config.cmake:72 (include)
[0.521s]   CMakeLists.txt:23 (find_package)
[0.521s] This warning is for project developers.  Use -Wno-dev to suppress it.
[0.521s] [0m
[0.521s] -- Found PkgConfig: /usr/bin/pkg-config (found version "0.29.2") 
[0.523s] -- Checking for module 'bullet>=2.82'
[0.529s] --   Found bullet, version 3.05
[0.581s] -- Found fcl: /usr/include (found suitable version "0.7.0", minimum required is "0.5.0") 
[0.604s] -- Found assimp: /usr/include (found version "5.2.0") 
[0.620s] -- Found DART: /usr/include (Required is at least version "6.6") found components: dart 
[0.738s] -- Found Boost: /usr/lib/x86_64-linux-gnu/cmake/Boost-1.74.0/BoostConfig.cmake (found suitable version "1.74.0", minimum required is "1.40.0") found components: thread system filesystem program_options regex iostreams date_time 
[0.751s] -- Found Protobuf: /usr/lib/x86_64-linux-gnu/libprotobuf.so (found version "3.12.4") 
[0.756s] -- Looking for ignition-math6 -- found version 6.12.0
[0.762s] -- Searching for dependencies of ignition-math6
[0.763s] -- Looking for OGRE...
[0.763s] -- OGRE_PREFIX_WATCH changed.
[0.766s] -- Checking for module 'OGRE'
[0.772s] --   Found OGRE, version 1.9.0
[0.787s] -- Found Ogre Ghadamon (1.9.0)
[0.793s] -- Found OGRE: optimized;/usr/lib/x86_64-linux-gnu/libOgreMain.so;debug;/usr/lib/x86_64-linux-gnu/libOgreMain.so
[0.799s] -- Looking for OGRE_Paging...
[0.802s] -- Found OGRE_Paging: optimized;/usr/lib/x86_64-linux-gnu/libOgrePaging.so;debug;/usr/lib/x86_64-linux-gnu/libOgrePaging.so
[0.802s] -- Looking for OGRE_Terrain...
[0.805s] -- Found OGRE_Terrain: optimized;/usr/lib/x86_64-linux-gnu/libOgreTerrain.so;debug;/usr/lib/x86_64-linux-gnu/libOgreTerrain.so
[0.805s] -- Looking for OGRE_Property...
[0.808s] -- Found OGRE_Property: optimized;/usr/lib/x86_64-linux-gnu/libOgreProperty.so;debug;/usr/lib/x86_64-linux-gnu/libOgreProperty.so
[0.808s] -- Looking for OGRE_RTShaderSystem...
[0.811s] -- Found OGRE_RTShaderSystem: optimized;/usr/lib/x86_64-linux-gnu/libOgreRTShaderSystem.so;debug;/usr/lib/x86_64-linux-gnu/libOgreRTShaderSystem.so
[0.811s] -- Looking for OGRE_Volume...
[0.814s] -- Found OGRE_Volume: optimized;/usr/lib/x86_64-linux-gnu/libOgreVolume.so;debug;/usr/lib/x86_64-linux-gnu/libOgreVolume.so
[0.814s] -- Looking for OGRE_Overlay...
[0.817s] -- Found OGRE_Overlay: optimized;/usr/lib/x86_64-linux-gnu/libOgreOverlay.so;debug;/usr/lib/x86_64-linux-gnu/libOgreOverlay.so
[0.885s] -- Looking for ignition-math6 -- found version 6.12.0
[0.887s] -- Looking for ignition-transport8 -- found version 8.2.1
[0.888s] -- Searching for dependencies of ignition-transport8
[0.898s] -- Found Protobuf: /usr/lib/x86_64-linux-gnu/libprotobuf.so (found suitable version "3.12.4", minimum required is "3") 
[0.904s] -- Config-file not installed for ZeroMQ -- checking for pkg-config
[0.907s] -- Checking for module 'libzmq >= 4'
[0.913s] --   Found libzmq , version 4.3.4
[0.931s] -- Found ZeroMQ: TRUE (Required is at least version "4") 
[0.934s] -- Checking for module 'uuid'
[0.940s] --   Found uuid, version 2.37.2
[0.955s] -- Found UUID: TRUE  
[0.957s] -- Looking for ignition-msgs5 -- found version 5.8.1
[0.958s] -- Searching for dependencies of ignition-msgs5
[0.969s] -- Looking for ignition-math6 -- found version 6.12.0
[0.972s] -- Checking for module 'tinyxml2'
[0.978s] --   Found tinyxml2, version 9.0.0
[0.994s] -- Looking for ignition-msgs5 -- found version 5.8.1
[0.996s] -- Looking for ignition-common3 -- found version 3.14.0
[0.996s] -- Searching for dependencies of ignition-common3
[0.997s] -- Looking for dlfcn.h - found
[0.997s] -- Looking for libdl - found
[0.998s] -- Found DL: TRUE  
[1.006s] -- Found tinyobjloader: /usr/lib/x86_64-linux-gnu/cmake/tinyobjloader/tinyobjloader-config.cmake (found version "2.0.0") 
[1.006s] -- Searching for <ignition-common3> component [graphics]
[1.008s] -- Looking for ignition-common3-graphics -- found version 3.14.0
[1.008s] -- Searching for dependencies of ignition-common3-graphics
[1.008s] -- Looking for ignition-math6 -- found version 6.12.0
[1.011s] -- Looking for ignition-fuel_tools4 -- found version 4.4.0
[1.011s] -- Searching for dependencies of ignition-fuel_tools4
[1.051s] -- Found CURL: /usr/lib/x86_64-linux-gnu/libcurl.so (found version "7.81.0")  
[1.057s] -- Checking for module 'jsoncpp'
[1.064s] --   Found jsoncpp, version 1.9.5
[1.079s] -- Found JSONCPP: TRUE  
[1.083s] -- Checking for module 'libzip'
[1.089s] --   Found libzip, version 1.7.3
[1.106s] -- Found ZIP: TRUE  
[1.106s] -- Looking for ignition-common3 -- found version 3.14.0
[1.106s] -- Looking for ignition-math6 -- found version 6.12.0
[1.106s] -- Looking for ignition-msgs5 -- found version 5.8.1
[1.112s] -- Found gazebo_ros_pkgs: 3.7.0 (/opt/ros/humble/share/gazebo_ros_pkgs/cmake)
[1.114s] -- Found geometry_msgs: 4.2.3 (/opt/ros/humble/share/geometry_msgs/cmake)
[1.134s] -- Found rosidl_generator_c: 3.1.4 (/opt/ros/humble/share/rosidl_generator_c/cmake)
[1.137s] -- Found rosidl_adapter: 3.1.4 (/opt/ros/humble/share/rosidl_adapter/cmake)
[1.142s] -- Found rosidl_generator_cpp: 3.1.4 (/opt/ros/humble/share/rosidl_generator_cpp/cmake)
[1.151s] -- Using all available rosidl_typesupport_c: rosidl_typesupport_fastrtps_c;rosidl_typesupport_introspection_c
[1.164s] -- Using all available rosidl_typesupport_cpp: rosidl_typesupport_fastrtps_cpp;rosidl_typesupport_introspection_cpp
[1.239s] -- Found nav_msgs: 4.2.3 (/opt/ros/humble/share/nav_msgs/cmake)
[1.296s] -- Found rclcpp: 16.0.4 (/opt/ros/humble/share/rclcpp/cmake)
[1.335s] -- Found rmw_implementation_cmake: 6.1.1 (/opt/ros/humble/share/rmw_implementation_cmake/cmake)
[1.337s] -- Found rmw_cyclonedds_cpp: 1.3.4 (/opt/ros/humble/share/rmw_cyclonedds_cpp/cmake)
[1.359s] -- Using RMW implementation 'rmw_cyclonedds_cpp' as default
[1.366s] -- Found Threads: TRUE  
[1.447s] -- Found sensor_msgs: 4.2.3 (/opt/ros/humble/share/sensor_msgs/cmake)
[1.501s] -- Found tf2: 0.25.2 (/opt/ros/humble/share/tf2/cmake)
[1.549s] -- Configuring done
[1.566s] -- Generating done
[1.567s] -- Build files have been written to: /home/goku/ros2_custom/turtlebot3_ws/build/turtlebot3_gazebo
[1.575s] Invoked command in '/home/goku/ros2_custom/turtlebot3_ws/build/turtlebot3_gazebo' returned '0': CMAKE_PREFIX_PATH=${CMAKE_PREFIX_PATH}:/home/goku/ros2_ws/install/ultimate_pkg:/home/goku/ros2_ws/install/ros2_project_py:/home/goku/ros2_ws/install/my_py_pkg:/home/goku/ros2_ws/install/first_bot:/opt/ros/humble /usr/bin/cmake /home/goku/ros2_custom/turtlebot3_ws/src/turtlebot3_gazebo -DCMAKE_INSTALL_PREFIX=/home/goku/ros2_custom/turtlebot3_ws/install/turtlebot3_gazebo
[1.575s] Invoking command in '/home/goku/ros2_custom/turtlebot3_ws/build/turtlebot3_gazebo': CMAKE_PREFIX_PATH=${CMAKE_PREFIX_PATH}:/home/goku/ros2_ws/install/ultimate_pkg:/home/goku/ros2_ws/install/ros2_project_py:/home/goku/ros2_ws/install/my_py_pkg:/home/goku/ros2_ws/install/first_bot:/opt/ros/humble /usr/bin/cmake --build /home/goku/ros2_custom/turtlebot3_ws/build/turtlebot3_gazebo -- -j20 -l20
[1.602s] [ 37%] [32mBuilding CXX object CMakeFiles/turtlebot3_drive.dir/src/turtlebot3_drive.cpp.o[0m
[1.602s] [ 37%] [32mBuilding CXX object CMakeFiles/obstacle2.dir/models/turtlebot3_dqn_world/obstacle_plugin/obstacle2.cc.o[0m
[1.602s] [ 37%] [32mBuilding CXX object CMakeFiles/obstacle1.dir/models/turtlebot3_dqn_world/obstacle_plugin/obstacle1.cc.o[0m
[1.602s] [ 50%] [32mBuilding CXX object CMakeFiles/obstacles.dir/models/turtlebot3_dqn_world/obstacle_plugin/obstacles.cc.o[0m
[9.191s] [ 62%] [32m[1mLinking CXX executable turtlebot3_drive[0m
[9.553s] [ 62%] Built target turtlebot3_drive
[10.242s] [ 75%] [32m[1mLinking CXX shared library libobstacle1.so[0m
[10.291s] [ 87%] [32m[1mLinking CXX shared library libobstacle2.so[0m
[10.380s] [ 87%] Built target obstacle1
[10.424s] [ 87%] Built target obstacle2
[10.516s] [100%] [32m[1mLinking CXX shared library libobstacles.so[0m
[10.640s] [100%] Built target obstacles
[10.646s] Invoked command in '/home/goku/ros2_custom/turtlebot3_ws/build/turtlebot3_gazebo' returned '0': CMAKE_PREFIX_PATH=${CMAKE_PREFIX_PATH}:/home/goku/ros2_ws/install/ultimate_pkg:/home/goku/ros2_ws/install/ros2_project_py:/home/goku/ros2_ws/install/my_py_pkg:/home/goku/ros2_ws/install/first_bot:/opt/ros/humble /usr/bin/cmake --build /home/goku/ros2_custom/turtlebot3_ws/build/turtlebot3_gazebo -- -j20 -l20
[10.664s] Invoking command in '/home/goku/ros2_custom/turtlebot3_ws/build/turtlebot3_gazebo': CMAKE_PREFIX_PATH=${CMAKE_PREFIX_PATH}:/home/goku/ros2_ws/install/ultimate_pkg:/home/goku/ros2_ws/install/ros2_project_py:/home/goku/ros2_ws/install/my_py_pkg:/home/goku/ros2_ws/install/first_bot:/opt/ros/humble /usr/bin/cmake --install /home/goku/ros2_custom/turtlebot3_ws/build/turtlebot3_gazebo
[10.668s] -- Install configuration: ""
[10.668s] -- Installing: /home/goku/ros2_custom/turtlebot3_ws/install/turtlebot3_gazebo/lib/turtlebot3_gazebo/turtlebot3_drive
[10.671s] -- Set runtime path of "/home/goku/ros2_custom/turtlebot3_ws/install/turtlebot3_gazebo/lib/turtlebot3_gazebo/turtlebot3_drive" to ""
[10.671s] -- Installing: /home/goku/ros2_custom/turtlebot3_ws/install/turtlebot3_gazebo/share/turtlebot3_gazebo//launch
[10.671s] -- Installing: /home/goku/ros2_custom/turtlebot3_ws/install/turtlebot3_gazebo/share/turtlebot3_gazebo//launch/empty_world.launch.py
[10.671s] -- Installing: /home/goku/ros2_custom/turtlebot3_ws/install/turtlebot3_gazebo/share/turtlebot3_gazebo//launch/turtlebot3_dqn_stage2.launch.py
[10.672s] -- Installing: /home/goku/ros2_custom/turtlebot3_ws/install/turtlebot3_gazebo/share/turtlebot3_gazebo//launch/robot_state_publisher.launch.py
[10.672s] -- Installing: /home/goku/ros2_custom/turtlebot3_ws/install/turtlebot3_gazebo/share/turtlebot3_gazebo//launch/turtlebot3_world.launch.py
[10.672s] -- Installing: /home/goku/ros2_custom/turtlebot3_ws/install/turtlebot3_gazebo/share/turtlebot3_gazebo//launch/turtlebot3_house.launch.py
[10.672s] -- Installing: /home/goku/ros2_custom/turtlebot3_ws/install/turtlebot3_gazebo/share/turtlebot3_gazebo//launch/turtlebot3_dqn_stage1.launch.py
[10.672s] -- Installing: /home/goku/ros2_custom/turtlebot3_ws/install/turtlebot3_gazebo/share/turtlebot3_gazebo//launch/turtlebot3_dqn_stage3.launch.py
[10.672s] -- Installing: /home/goku/ros2_custom/turtlebot3_ws/install/turtlebot3_gazebo/share/turtlebot3_gazebo//launch/turtlebot3_dqn_stage4.launch.py
[10.672s] -- Installing: /home/goku/ros2_custom/turtlebot3_ws/install/turtlebot3_gazebo/share/turtlebot3_gazebo//launch/spawn_turtlebot3.launch.py
[10.672s] -- Installing: /home/goku/ros2_custom/turtlebot3_ws/install/turtlebot3_gazebo/share/turtlebot3_gazebo//models
[10.672s] -- Installing: /home/goku/ros2_custom/turtlebot3_ws/install/turtlebot3_gazebo/share/turtlebot3_gazebo//models/turtlebot3_waffle
[10.672s] -- Installing: /home/goku/ros2_custom/turtlebot3_ws/install/turtlebot3_gazebo/share/turtlebot3_gazebo//models/turtlebot3_waffle/model-1_4.sdf
[10.672s] -- Installing: /home/goku/ros2_custom/turtlebot3_ws/install/turtlebot3_gazebo/share/turtlebot3_gazebo//models/turtlebot3_waffle/model.config
[10.672s] -- Installing: /home/goku/ros2_custom/turtlebot3_ws/install/turtlebot3_gazebo/share/turtlebot3_gazebo//models/turtlebot3_waffle/model.sdf
[10.672s] -- Installing: /home/goku/ros2_custom/turtlebot3_ws/install/turtlebot3_gazebo/share/turtlebot3_gazebo//models/turtlebot3_world
[10.672s] -- Installing: /home/goku/ros2_custom/turtlebot3_ws/install/turtlebot3_gazebo/share/turtlebot3_gazebo//models/turtlebot3_world/model-1_4.sdf
[10.672s] -- Installing: /home/goku/ros2_custom/turtlebot3_ws/install/turtlebot3_gazebo/share/turtlebot3_gazebo//models/turtlebot3_world/model.config
[10.672s] -- Installing: /home/goku/ros2_custom/turtlebot3_ws/install/turtlebot3_gazebo/share/turtlebot3_gazebo//models/turtlebot3_world/meshes
[10.672s] -- Installing: /home/goku/ros2_custom/turtlebot3_ws/install/turtlebot3_gazebo/share/turtlebot3_gazebo//models/turtlebot3_world/meshes/hexagon.dae
[10.672s] -- Installing: /home/goku/ros2_custom/turtlebot3_ws/install/turtlebot3_gazebo/share/turtlebot3_gazebo//models/turtlebot3_world/meshes/wall.dae
[10.672s] -- Installing: /home/goku/ros2_custom/turtlebot3_ws/install/turtlebot3_gazebo/share/turtlebot3_gazebo//models/turtlebot3_world/model.sdf
[10.672s] -- Installing: /home/goku/ros2_custom/turtlebot3_ws/install/turtlebot3_gazebo/share/turtlebot3_gazebo//models/turtlebot3_burger
[10.672s] -- Installing: /home/goku/ros2_custom/turtlebot3_ws/install/turtlebot3_gazebo/share/turtlebot3_gazebo//models/turtlebot3_burger/model-1_4.sdf
[10.672s] -- Installing: /home/goku/ros2_custom/turtlebot3_ws/install/turtlebot3_gazebo/share/turtlebot3_gazebo//models/turtlebot3_burger/model.config
[10.672s] -- Installing: /home/goku/ros2_custom/turtlebot3_ws/install/turtlebot3_gazebo/share/turtlebot3_gazebo//models/turtlebot3_burger/model.sdf
[10.672s] -- Installing: /home/goku/ros2_custom/turtlebot3_ws/install/turtlebot3_gazebo/share/turtlebot3_gazebo//models/turtlebot3_common
[10.672s] -- Installing: /home/goku/ros2_custom/turtlebot3_ws/install/turtlebot3_gazebo/share/turtlebot3_gazebo//models/turtlebot3_common/model.config
[10.672s] -- Installing: /home/goku/ros2_custom/turtlebot3_ws/install/turtlebot3_gazebo/share/turtlebot3_gazebo//models/turtlebot3_common/meshes
[10.672s] -- Installing: /home/goku/ros2_custom/turtlebot3_ws/install/turtlebot3_gazebo/share/turtlebot3_gazebo//models/turtlebot3_common/meshes/burger_base.dae
[10.672s] -- Installing: /home/goku/ros2_custom/turtlebot3_ws/install/turtlebot3_gazebo/share/turtlebot3_gazebo//models/turtlebot3_common/meshes/lds.dae
[10.672s] -- Installing: /home/goku/ros2_custom/turtlebot3_ws/install/turtlebot3_gazebo/share/turtlebot3_gazebo//models/turtlebot3_common/meshes/r200.dae
[10.672s] -- Installing: /home/goku/ros2_custom/turtlebot3_ws/install/turtlebot3_gazebo/share/turtlebot3_gazebo//models/turtlebot3_common/meshes/waffle_base.dae
[10.672s] -- Installing: /home/goku/ros2_custom/turtlebot3_ws/install/turtlebot3_gazebo/share/turtlebot3_gazebo//models/turtlebot3_common/meshes/waffle_pi_base.dae
[10.672s] -- Installing: /home/goku/ros2_custom/turtlebot3_ws/install/turtlebot3_gazebo/share/turtlebot3_gazebo//models/turtlebot3_common/meshes/tire.dae
[10.672s] -- Installing: /home/goku/ros2_custom/turtlebot3_ws/install/turtlebot3_gazebo/share/turtlebot3_gazebo//models/turtlebot3_dqn_world
[10.672s] -- Installing: /home/goku/ros2_custom/turtlebot3_ws/install/turtlebot3_gazebo/share/turtlebot3_gazebo//models/turtlebot3_dqn_world/obstacle_plugin
[10.673s] -- Installing: /home/goku/ros2_custom/turtlebot3_ws/install/turtlebot3_gazebo/share/turtlebot3_gazebo//models/turtlebot3_dqn_world/obstacle_plugin/CMakeLists.txt
[10.673s] -- Installing: /home/goku/ros2_custom/turtlebot3_ws/install/turtlebot3_gazebo/share/turtlebot3_gazebo//models/turtlebot3_dqn_world/obstacle_plugin/obstacle2.cc
[10.673s] -- Installing: /home/goku/ros2_custom/turtlebot3_ws/install/turtlebot3_gazebo/share/turtlebot3_gazebo//models/turtlebot3_dqn_world/obstacle_plugin/obstacle1.cc
[10.673s] -- Installing: /home/goku/ros2_custom/turtlebot3_ws/install/turtlebot3_gazebo/share/turtlebot3_gazebo//models/turtlebot3_dqn_world/obstacle_plugin/obstacles.cc
[10.673s] -- Installing: /home/goku/ros2_custom/turtlebot3_ws/install/turtlebot3_gazebo/share/turtlebot3_gazebo//models/turtlebot3_dqn_world/obstacle1
[10.673s] -- Installing: /home/goku/ros2_custom/turtlebot3_ws/install/turtlebot3_gazebo/share/turtlebot3_gazebo//models/turtlebot3_dqn_world/obstacle1/model.config
[10.673s] -- Installing: /home/goku/ros2_custom/turtlebot3_ws/install/turtlebot3_gazebo/share/turtlebot3_gazebo//models/turtlebot3_dqn_world/obstacle1/model.sdf
[10.673s] -- Installing: /home/goku/ros2_custom/turtlebot3_ws/install/turtlebot3_gazebo/share/turtlebot3_gazebo//models/turtlebot3_dqn_world/model.config
[10.673s] -- Installing: /home/goku/ros2_custom/turtlebot3_ws/install/turtlebot3_gazebo/share/turtlebot3_gazebo//models/turtlebot3_dqn_world/model.sdf
[10.673s] -- Installing: /home/goku/ros2_custom/turtlebot3_ws/install/turtlebot3_gazebo/share/turtlebot3_gazebo//models/turtlebot3_dqn_world/goal_box
[10.673s] -- Installing: /home/goku/ros2_custom/turtlebot3_ws/install/turtlebot3_gazebo/share/turtlebot3_gazebo//models/turtlebot3_dqn_world/goal_box/model.config
[10.673s] -- Installing: /home/goku/ros2_custom/turtlebot3_ws/install/turtlebot3_gazebo/share/turtlebot3_gazebo//models/turtlebot3_dqn_world/goal_box/model.sdf
[10.673s] -- Installing: /home/goku/ros2_custom/turtlebot3_ws/install/turtlebot3_gazebo/share/turtlebot3_gazebo//models/turtlebot3_dqn_world/inner_walls
[10.673s] -- Installing: /home/goku/ros2_custom/turtlebot3_ws/install/turtlebot3_gazebo/share/turtlebot3_gazebo//models/turtlebot3_dqn_world/inner_walls/model.config
[10.673s] -- Installing: /home/goku/ros2_custom/turtlebot3_ws/install/turtlebot3_gazebo/share/turtlebot3_gazebo//models/turtlebot3_dqn_world/inner_walls/model.sdf
[10.673s] -- Installing: /home/goku/ros2_custom/turtlebot3_ws/install/turtlebot3_gazebo/share/turtlebot3_gazebo//models/turtlebot3_dqn_world/obstacles
[10.673s] -- Installing: /home/goku/ros2_custom/turtlebot3_ws/install/turtlebot3_gazebo/share/turtlebot3_gazebo//models/turtlebot3_dqn_world/obstacles/model.config
[10.673s] -- Installing: /home/goku/ros2_custom/turtlebot3_ws/install/turtlebot3_gazebo/share/turtlebot3_gazebo//models/turtlebot3_dqn_world/obstacles/model.sdf
[10.673s] -- Installing: /home/goku/ros2_custom/turtlebot3_ws/install/turtlebot3_gazebo/share/turtlebot3_gazebo//models/turtlebot3_dqn_world/obstacle2
[10.673s] -- Installing: /home/goku/ros2_custom/turtlebot3_ws/install/turtlebot3_gazebo/share/turtlebot3_gazebo//models/turtlebot3_dqn_world/obstacle2/model.config
[10.673s] -- Installing: /home/goku/ros2_custom/turtlebot3_ws/install/turtlebot3_gazebo/share/turtlebot3_gazebo//models/turtlebot3_dqn_world/obstacle2/model.sdf
[10.673s] -- Installing: /home/goku/ros2_custom/turtlebot3_ws/install/turtlebot3_gazebo/share/turtlebot3_gazebo//models/turtlebot3_waffle_pi
[10.673s] -- Installing: /home/goku/ros2_custom/turtlebot3_ws/install/turtlebot3_gazebo/share/turtlebot3_gazebo//models/turtlebot3_waffle_pi/model.config
[10.673s] -- Installing: /home/goku/ros2_custom/turtlebot3_ws/install/turtlebot3_gazebo/share/turtlebot3_gazebo//models/turtlebot3_waffle_pi/model.sdf
[10.673s] -- Installing: /home/goku/ros2_custom/turtlebot3_ws/install/turtlebot3_gazebo/share/turtlebot3_gazebo//models/turtlebot3_waffle_pi/model-1_4_.sdf
[10.673s] -- Installing: /home/goku/ros2_custom/turtlebot3_ws/install/turtlebot3_gazebo/share/turtlebot3_gazebo//models/turtlebot3_house
[10.673s] -- Installing: /home/goku/ros2_custom/turtlebot3_ws/install/turtlebot3_gazebo/share/turtlebot3_gazebo//models/turtlebot3_house/model.config
[10.673s] -- Installing: /home/goku/ros2_custom/turtlebot3_ws/install/turtlebot3_gazebo/share/turtlebot3_gazebo//models/turtlebot3_house/model.sdf
[10.673s] -- Installing: /home/goku/ros2_custom/turtlebot3_ws/install/turtlebot3_gazebo/share/turtlebot3_gazebo//rviz
[10.673s] -- Installing: /home/goku/ros2_custom/turtlebot3_ws/install/turtlebot3_gazebo/share/turtlebot3_gazebo//rviz/tb3_gazebo.rviz
[10.673s] -- Installing: /home/goku/ros2_custom/turtlebot3_ws/install/turtlebot3_gazebo/share/turtlebot3_gazebo//urdf
[10.673s] -- Installing: /home/goku/ros2_custom/turtlebot3_ws/install/turtlebot3_gazebo/share/turtlebot3_gazebo//urdf/turtlebot3_waffle.urdf
[10.674s] -- Installing: /home/goku/ros2_custom/turtlebot3_ws/install/turtlebot3_gazebo/share/turtlebot3_gazebo//urdf/turtlebot3_burger.urdf
[10.674s] -- Installing: /home/goku/ros2_custom/turtlebot3_ws/install/turtlebot3_gazebo/share/turtlebot3_gazebo//urdf/turtlebot3_waffle_pi.urdf
[10.674s] -- Installing: /home/goku/ros2_custom/turtlebot3_ws/install/turtlebot3_gazebo/share/turtlebot3_gazebo//urdf/common_properties.urdf
[10.674s] -- Installing: /home/goku/ros2_custom/turtlebot3_ws/install/turtlebot3_gazebo/share/turtlebot3_gazebo//worlds
[10.674s] -- Installing: /home/goku/ros2_custom/turtlebot3_ws/install/turtlebot3_gazebo/share/turtlebot3_gazebo//worlds/empty_world.world
[10.674s] -- Installing: /home/goku/ros2_custom/turtlebot3_ws/install/turtlebot3_gazebo/share/turtlebot3_gazebo//worlds/turtlebot3_dqn_stage3.world
[10.674s] -- Installing: /home/goku/ros2_custom/turtlebot3_ws/install/turtlebot3_gazebo/share/turtlebot3_gazebo//worlds/turtlebot3_dqn_stage1.world
[10.674s] -- Installing: /home/goku/ros2_custom/turtlebot3_ws/install/turtlebot3_gazebo/share/turtlebot3_gazebo//worlds/turtlebot3_dqn_stage2.world
[10.674s] -- Installing: /home/goku/ros2_custom/turtlebot3_ws/install/turtlebot3_gazebo/share/turtlebot3_gazebo//worlds/turtlebot3_dqn_stage4.world
[10.674s] -- Installing: /home/goku/ros2_custom/turtlebot3_ws/install/turtlebot3_gazebo/share/turtlebot3_gazebo//worlds/turtlebot3_house.world
[10.674s] -- Installing: /home/goku/ros2_custom/turtlebot3_ws/install/turtlebot3_gazebo/share/turtlebot3_gazebo//worlds/turtlebot3_world.world
[10.674s] -- Installing: /home/goku/ros2_custom/turtlebot3_ws/install/turtlebot3_gazebo/include/
[10.674s] -- Installing: /home/goku/ros2_custom/turtlebot3_ws/install/turtlebot3_gazebo/include//turtlebot3_gazebo
[10.674s] -- Installing: /home/goku/ros2_custom/turtlebot3_ws/install/turtlebot3_gazebo/include//turtlebot3_gazebo/turtlebot3_drive.hpp
[10.674s] -- Installing: /home/goku/ros2_custom/turtlebot3_ws/install/turtlebot3_gazebo/share/ament_index/resource_index/package_run_dependencies/turtlebot3_gazebo
[10.674s] -- Installing: /home/goku/ros2_custom/turtlebot3_ws/install/turtlebot3_gazebo/share/ament_index/resource_index/parent_prefix_path/turtlebot3_gazebo
[10.674s] -- Installing: /home/goku/ros2_custom/turtlebot3_ws/install/turtlebot3_gazebo/share/turtlebot3_gazebo/environment/ament_prefix_path.sh
[10.674s] -- Installing: /home/goku/ros2_custom/turtlebot3_ws/install/turtlebot3_gazebo/share/turtlebot3_gazebo/environment/ament_prefix_path.dsv
[10.674s] -- Installing: /home/goku/ros2_custom/turtlebot3_ws/install/turtlebot3_gazebo/share/turtlebot3_gazebo/environment/path.sh
[10.674s] -- Installing: /home/goku/ros2_custom/turtlebot3_ws/install/turtlebot3_gazebo/share/turtlebot3_gazebo/environment/path.dsv
[10.674s] -- Installing: /home/goku/ros2_custom/turtlebot3_ws/install/turtlebot3_gazebo/share/turtlebot3_gazebo/local_setup.bash
[10.674s] -- Installing: /home/goku/ros2_custom/turtlebot3_ws/install/turtlebot3_gazebo/share/turtlebot3_gazebo/local_setup.sh
[10.674s] -- Installing: /home/goku/ros2_custom/turtlebot3_ws/install/turtlebot3_gazebo/share/turtlebot3_gazebo/local_setup.zsh
[10.674s] -- Installing: /home/goku/ros2_custom/turtlebot3_ws/install/turtlebot3_gazebo/share/turtlebot3_gazebo/local_setup.dsv
[10.674s] -- Installing: /home/goku/ros2_custom/turtlebot3_ws/install/turtlebot3_gazebo/share/turtlebot3_gazebo/package.dsv
[10.674s] -- Installing: /home/goku/ros2_custom/turtlebot3_ws/install/turtlebot3_gazebo/share/ament_index/resource_index/packages/turtlebot3_gazebo
[10.674s] -- Installing: /home/goku/ros2_custom/turtlebot3_ws/install/turtlebot3_gazebo/share/turtlebot3_gazebo/cmake/ament_cmake_export_include_directories-extras.cmake
[10.674s] -- Installing: /home/goku/ros2_custom/turtlebot3_ws/install/turtlebot3_gazebo/share/turtlebot3_gazebo/cmake/ament_cmake_export_dependencies-extras.cmake
[10.674s] -- Installing: /home/goku/ros2_custom/turtlebot3_ws/install/turtlebot3_gazebo/share/turtlebot3_gazebo/cmake/turtlebot3_gazeboConfig.cmake
[10.674s] -- Installing: /home/goku/ros2_custom/turtlebot3_ws/install/turtlebot3_gazebo/share/turtlebot3_gazebo/cmake/turtlebot3_gazeboConfig-version.cmake
[10.674s] -- Installing: /home/goku/ros2_custom/turtlebot3_ws/install/turtlebot3_gazebo/share/turtlebot3_gazebo/package.xml
[10.676s] Invoked command in '/home/goku/ros2_custom/turtlebot3_ws/build/turtlebot3_gazebo' returned '0': CMAKE_PREFIX_PATH=${CMAKE_PREFIX_PATH}:/home/goku/ros2_ws/install/ultimate_pkg:/home/goku/ros2_ws/install/ros2_project_py:/home/goku/ros2_ws/install/my_py_pkg:/home/goku/ros2_ws/install/first_bot:/opt/ros/humble /usr/bin/cmake --install /home/goku/ros2_custom/turtlebot3_ws/build/turtlebot3_gazebo
