[0.008s] Invoking command in '/home/goku/ros2_custom/turtlebot3_ws/build/turtlebot3_simulations': CMAKE_PREFIX_PATH=/home/goku/ros2_custom/turtlebot3_ws/install/turtlebot3_gazebo:/home/goku/ros2_custom/turtlebot3_ws/install/turtlebot3_fake_node:/home/goku/ros2_custom/turtlebot3_ws/install/turtlebot3_simulations:/home/goku/ros2_ws/install/ros2_project_cpp:/home/goku/ros2_ws/install/my_cpp_pkg:/home/goku/ros2_ws/install/ultimate_pkg:/home/goku/ros2_ws/install/ros2_project_py:/home/goku/ros2_ws/install/my_py_pkg:/home/goku/ros2_ws/install/first_bot:/opt/ros/humble /usr/bin/cmake --build /home/goku/ros2_custom/turtlebot3_ws/build/turtlebot3_simulations -- -j20 -l20
[0.028s] Invoked command in '/home/goku/ros2_custom/turtlebot3_ws/build/turtlebot3_simulations' returned '0': CMAKE_PREFIX_PATH=/home/goku/ros2_custom/turtlebot3_ws/install/turtlebot3_gazebo:/home/goku/ros2_custom/turtlebot3_ws/install/turtlebot3_fake_node:/home/goku/ros2_custom/turtlebot3_ws/install/turtlebot3_simulations:/home/goku/ros2_ws/install/ros2_project_cpp:/home/goku/ros2_ws/install/my_cpp_pkg:/home/goku/ros2_ws/install/ultimate_pkg:/home/goku/ros2_ws/install/ros2_project_py:/home/goku/ros2_ws/install/my_py_pkg:/home/goku/ros2_ws/install/first_bot:/opt/ros/humble /usr/bin/cmake --build /home/goku/ros2_custom/turtlebot3_ws/build/turtlebot3_simulations -- -j20 -l20
[0.040s] Invoking command in '/home/goku/ros2_custom/turtlebot3_ws/build/turtlebot3_simulations': CMAKE_PREFIX_PATH=/home/goku/ros2_custom/turtlebot3_ws/install/turtlebot3_gazebo:/home/goku/ros2_custom/turtlebot3_ws/install/turtlebot3_fake_node:/home/goku/ros2_custom/turtlebot3_ws/install/turtlebot3_simulations:/home/goku/ros2_ws/install/ros2_project_cpp:/home/goku/ros2_ws/install/my_cpp_pkg:/home/goku/ros2_ws/install/ultimate_pkg:/home/goku/ros2_ws/install/ros2_project_py:/home/goku/ros2_ws/install/my_py_pkg:/home/goku/ros2_ws/install/first_bot:/opt/ros/humble /usr/bin/cmake --install /home/goku/ros2_custom/turtlebot3_ws/build/turtlebot3_simulations
[0.043s] -- Install configuration: ""
[0.043s] -- Up-to-date: /home/goku/ros2_custom/turtlebot3_ws/install/turtlebot3_simulations/share/ament_index/resource_index/package_run_dependencies/turtlebot3_simulations
[0.043s] -- Up-to-date: /home/goku/ros2_custom/turtlebot3_ws/install/turtlebot3_simulations/share/ament_index/resource_index/parent_prefix_path/turtlebot3_simulations
[0.044s] -- Up-to-date: /home/goku/ros2_custom/turtlebot3_ws/install/turtlebot3_simulations/share/turtlebot3_simulations/environment/ament_prefix_path.sh
[0.044s] -- Up-to-date: /home/goku/ros2_custom/turtlebot3_ws/install/turtlebot3_simulations/share/turtlebot3_simulations/environment/ament_prefix_path.dsv
[0.044s] -- Up-to-date: /home/goku/ros2_custom/turtlebot3_ws/install/turtlebot3_simulations/share/turtlebot3_simulations/environment/path.sh
[0.044s] -- Up-to-date: /home/goku/ros2_custom/turtlebot3_ws/install/turtlebot3_simulations/share/turtlebot3_simulations/environment/path.dsv
[0.044s] -- Up-to-date: /home/goku/ros2_custom/turtlebot3_ws/install/turtlebot3_simulations/share/turtlebot3_simulations/local_setup.bash
[0.044s] -- Up-to-date: /home/goku/ros2_custom/turtlebot3_ws/install/turtlebot3_simulations/share/turtlebot3_simulations/local_setup.sh
[0.044s] -- Up-to-date: /home/goku/ros2_custom/turtlebot3_ws/install/turtlebot3_simulations/share/turtlebot3_simulations/local_setup.zsh
[0.044s] -- Up-to-date: /home/goku/ros2_custom/turtlebot3_ws/install/turtlebot3_simulations/share/turtlebot3_simulations/local_setup.dsv
[0.044s] -- Installing: /home/goku/ros2_custom/turtlebot3_ws/install/turtlebot3_simulations/share/turtlebot3_simulations/package.dsv
[0.044s] -- Up-to-date: /home/goku/ros2_custom/turtlebot3_ws/install/turtlebot3_simulations/share/ament_index/resource_index/packages/turtlebot3_simulations
[0.045s] -- Up-to-date: /home/goku/ros2_custom/turtlebot3_ws/install/turtlebot3_simulations/share/turtlebot3_simulations/cmake/turtlebot3_simulationsConfig.cmake
[0.047s] -- Up-to-date: /home/goku/ros2_custom/turtlebot3_ws/install/turtlebot3_simulations/share/turtlebot3_simulations/cmake/turtlebot3_simulationsConfig-version.cmake
[0.047s] -- Up-to-date: /home/goku/ros2_custom/turtlebot3_ws/install/turtlebot3_simulations/share/turtlebot3_simulations/package.xml
[0.047s] Invoked command in '/home/goku/ros2_custom/turtlebot3_ws/build/turtlebot3_simulations' returned '0': CMAKE_PREFIX_PATH=/home/goku/ros2_custom/turtlebot3_ws/install/turtlebot3_gazebo:/home/goku/ros2_custom/turtlebot3_ws/install/turtlebot3_fake_node:/home/goku/ros2_custom/turtlebot3_ws/install/turtlebot3_simulations:/home/goku/ros2_ws/install/ros2_project_cpp:/home/goku/ros2_ws/install/my_cpp_pkg:/home/goku/ros2_ws/install/ultimate_pkg:/home/goku/ros2_ws/install/ros2_project_py:/home/goku/ros2_ws/install/my_py_pkg:/home/goku/ros2_ws/install/first_bot:/opt/ros/humble /usr/bin/cmake --install /home/goku/ros2_custom/turtlebot3_ws/build/turtlebot3_simulations
