[0.012s] Invoking command in '/home/goku/ros2_custom/turtlebot3_ws/build/turtlebot3_fake_node': CMAKE_PREFIX_PATH=${CMAKE_PREFIX_PATH}:/home/goku/ros2_ws/install/ultimate_pkg:/home/goku/ros2_ws/install/ros2_project_py:/home/goku/ros2_ws/install/my_py_pkg:/home/goku/ros2_ws/install/first_bot:/opt/ros/humble /usr/bin/cmake /home/goku/ros2_custom/turtlebot3_ws/src/turtlebot3_fake_node -DCMAKE_INSTALL_PREFIX=/home/goku/ros2_custom/turtlebot3_ws/install/turtlebot3_fake_node
[0.093s] -- The C compiler identification is GNU 11.3.0
[0.128s] -- The CXX compiler identification is GNU 11.3.0
[0.136s] -- Detecting C compiler ABI info
[0.183s] -- Detecting C compiler ABI info - done
[0.187s] -- Check for working C compiler: /usr/lib/ccache/cc - skipped
[0.187s] -- Detecting C compile features
[0.188s] -- Detecting C compile features - done
[0.189s] -- Detecting CXX compiler ABI info
[0.239s] -- Detecting CXX compiler ABI info - done
[0.243s] -- Check for working CXX compiler: /usr/lib/ccache/c++ - skipped
[0.244s] -- Detecting CXX compile features
[0.244s] -- Detecting CXX compile features - done
[0.247s] -- Found ament_cmake: 1.3.4 (/opt/ros/humble/share/ament_cmake/cmake)
[0.455s] -- Found Python3: /usr/bin/python3.10 (found version "3.10.6") found components: Interpreter 
[0.523s] -- Found geometry_msgs: 4.2.3 (/opt/ros/humble/share/geometry_msgs/cmake)
[0.554s] -- Found rosidl_generator_c: 3.1.4 (/opt/ros/humble/share/rosidl_generator_c/cmake)
[0.558s] -- Found rosidl_adapter: 3.1.4 (/opt/ros/humble/share/rosidl_adapter/cmake)
[0.564s] -- Found rosidl_generator_cpp: 3.1.4 (/opt/ros/humble/share/rosidl_generator_cpp/cmake)
[0.576s] -- Using all available rosidl_typesupport_c: rosidl_typesupport_fastrtps_c;rosidl_typesupport_introspection_c
[0.589s] -- Using all available rosidl_typesupport_cpp: rosidl_typesupport_fastrtps_cpp;rosidl_typesupport_introspection_cpp
[0.667s] -- Found nav_msgs: 4.2.3 (/opt/ros/humble/share/nav_msgs/cmake)
[0.720s] -- Found rclcpp: 16.0.4 (/opt/ros/humble/share/rclcpp/cmake)
[0.764s] -- Found rmw_implementation_cmake: 6.1.1 (/opt/ros/humble/share/rmw_implementation_cmake/cmake)
[0.767s] -- Found rmw_cyclonedds_cpp: 1.3.4 (/opt/ros/humble/share/rmw_cyclonedds_cpp/cmake)
[0.791s] -- Using RMW implementation 'rmw_cyclonedds_cpp' as default
[0.799s] -- Looking for pthread.h
[0.847s] -- Looking for pthread.h - found
[0.847s] -- Performing Test CMAKE_HAVE_LIBC_PTHREAD
[0.895s] -- Performing Test CMAKE_HAVE_LIBC_PTHREAD - Success
[0.895s] -- Found Threads: TRUE  
[0.978s] -- Found sensor_msgs: 4.2.3 (/opt/ros/humble/share/sensor_msgs/cmake)
[1.033s] -- Found tf2: 0.25.2 (/opt/ros/humble/share/tf2/cmake)
[1.044s] -- Found tf2_msgs: 0.25.2 (/opt/ros/humble/share/tf2_msgs/cmake)
[1.139s] -- Found turtlebot3_msgs: 2.2.3 (/opt/ros/humble/share/turtlebot3_msgs/cmake)
[1.232s] -- Configuring done
[1.238s] -- Generating done
[1.239s] -- Build files have been written to: /home/goku/ros2_custom/turtlebot3_ws/build/turtlebot3_fake_node
[1.245s] Invoked command in '/home/goku/ros2_custom/turtlebot3_ws/build/turtlebot3_fake_node' returned '0': CMAKE_PREFIX_PATH=${CMAKE_PREFIX_PATH}:/home/goku/ros2_ws/install/ultimate_pkg:/home/goku/ros2_ws/install/ros2_project_py:/home/goku/ros2_ws/install/my_py_pkg:/home/goku/ros2_ws/install/first_bot:/opt/ros/humble /usr/bin/cmake /home/goku/ros2_custom/turtlebot3_ws/src/turtlebot3_fake_node -DCMAKE_INSTALL_PREFIX=/home/goku/ros2_custom/turtlebot3_ws/install/turtlebot3_fake_node
[1.246s] Invoking command in '/home/goku/ros2_custom/turtlebot3_ws/build/turtlebot3_fake_node': CMAKE_PREFIX_PATH=${CMAKE_PREFIX_PATH}:/home/goku/ros2_ws/install/ultimate_pkg:/home/goku/ros2_ws/install/ros2_project_py:/home/goku/ros2_ws/install/my_py_pkg:/home/goku/ros2_ws/install/first_bot:/opt/ros/humble /usr/bin/cmake --build /home/goku/ros2_custom/turtlebot3_ws/build/turtlebot3_fake_node -- -j20 -l20
[1.272s] [ 50%] [32mBuilding CXX object CMakeFiles/turtlebot3_fake_node.dir/src/turtlebot3_fake_node.cpp.o[0m
[7.487s] [100%] [32m[1mLinking CXX executable turtlebot3_fake_node[0m
[7.838s] [100%] Built target turtlebot3_fake_node
[7.845s] Invoked command in '/home/goku/ros2_custom/turtlebot3_ws/build/turtlebot3_fake_node' returned '0': CMAKE_PREFIX_PATH=${CMAKE_PREFIX_PATH}:/home/goku/ros2_ws/install/ultimate_pkg:/home/goku/ros2_ws/install/ros2_project_py:/home/goku/ros2_ws/install/my_py_pkg:/home/goku/ros2_ws/install/first_bot:/opt/ros/humble /usr/bin/cmake --build /home/goku/ros2_custom/turtlebot3_ws/build/turtlebot3_fake_node -- -j20 -l20
[7.864s] Invoking command in '/home/goku/ros2_custom/turtlebot3_ws/build/turtlebot3_fake_node': CMAKE_PREFIX_PATH=${CMAKE_PREFIX_PATH}:/home/goku/ros2_ws/install/ultimate_pkg:/home/goku/ros2_ws/install/ros2_project_py:/home/goku/ros2_ws/install/my_py_pkg:/home/goku/ros2_ws/install/first_bot:/opt/ros/humble /usr/bin/cmake --install /home/goku/ros2_custom/turtlebot3_ws/build/turtlebot3_fake_node
[7.868s] -- Install configuration: ""
[7.868s] -- Installing: /home/goku/ros2_custom/turtlebot3_ws/install/turtlebot3_fake_node/lib/turtlebot3_fake_node/turtlebot3_fake_node
[7.870s] -- Set runtime path of "/home/goku/ros2_custom/turtlebot3_ws/install/turtlebot3_fake_node/lib/turtlebot3_fake_node/turtlebot3_fake_node" to ""
[7.870s] -- Installing: /home/goku/ros2_custom/turtlebot3_ws/install/turtlebot3_fake_node/share/turtlebot3_fake_node/launch
[7.871s] -- Installing: /home/goku/ros2_custom/turtlebot3_ws/install/turtlebot3_fake_node/share/turtlebot3_fake_node/launch/rviz2.launch.py
[7.871s] -- Installing: /home/goku/ros2_custom/turtlebot3_ws/install/turtlebot3_fake_node/share/turtlebot3_fake_node/launch/turtlebot3_fake_node.launch.py
[7.871s] -- Installing: /home/goku/ros2_custom/turtlebot3_ws/install/turtlebot3_fake_node/share/turtlebot3_fake_node/param
[7.871s] -- Installing: /home/goku/ros2_custom/turtlebot3_ws/install/turtlebot3_fake_node/share/turtlebot3_fake_node/param/waffle.yaml
[7.871s] -- Installing: /home/goku/ros2_custom/turtlebot3_ws/install/turtlebot3_fake_node/share/turtlebot3_fake_node/param/waffle_pi.yaml
[7.871s] -- Installing: /home/goku/ros2_custom/turtlebot3_ws/install/turtlebot3_fake_node/share/turtlebot3_fake_node/param/burger.yaml
[7.871s] -- Installing: /home/goku/ros2_custom/turtlebot3_ws/install/turtlebot3_fake_node/include/
[7.871s] -- Installing: /home/goku/ros2_custom/turtlebot3_ws/install/turtlebot3_fake_node/include//turtlebot3_fake_node
[7.871s] -- Installing: /home/goku/ros2_custom/turtlebot3_ws/install/turtlebot3_fake_node/include//turtlebot3_fake_node/turtlebot3_fake_node.hpp
[7.871s] -- Installing: /home/goku/ros2_custom/turtlebot3_ws/install/turtlebot3_fake_node/share/ament_index/resource_index/package_run_dependencies/turtlebot3_fake_node
[7.871s] -- Installing: /home/goku/ros2_custom/turtlebot3_ws/install/turtlebot3_fake_node/share/ament_index/resource_index/parent_prefix_path/turtlebot3_fake_node
[7.871s] -- Installing: /home/goku/ros2_custom/turtlebot3_ws/install/turtlebot3_fake_node/share/turtlebot3_fake_node/environment/ament_prefix_path.sh
[7.871s] -- Installing: /home/goku/ros2_custom/turtlebot3_ws/install/turtlebot3_fake_node/share/turtlebot3_fake_node/environment/ament_prefix_path.dsv
[7.871s] -- Installing: /home/goku/ros2_custom/turtlebot3_ws/install/turtlebot3_fake_node/share/turtlebot3_fake_node/environment/path.sh
[7.872s] -- Installing: /home/goku/ros2_custom/turtlebot3_ws/install/turtlebot3_fake_node/share/turtlebot3_fake_node/environment/path.dsv
[7.872s] -- Installing: /home/goku/ros2_custom/turtlebot3_ws/install/turtlebot3_fake_node/share/turtlebot3_fake_node/local_setup.bash
[7.872s] -- Installing: /home/goku/ros2_custom/turtlebot3_ws/install/turtlebot3_fake_node/share/turtlebot3_fake_node/local_setup.sh
[7.872s] -- Installing: /home/goku/ros2_custom/turtlebot3_ws/install/turtlebot3_fake_node/share/turtlebot3_fake_node/local_setup.zsh
[7.872s] -- Installing: /home/goku/ros2_custom/turtlebot3_ws/install/turtlebot3_fake_node/share/turtlebot3_fake_node/local_setup.dsv
[7.872s] -- Installing: /home/goku/ros2_custom/turtlebot3_ws/install/turtlebot3_fake_node/share/turtlebot3_fake_node/package.dsv
[7.872s] -- Installing: /home/goku/ros2_custom/turtlebot3_ws/install/turtlebot3_fake_node/share/ament_index/resource_index/packages/turtlebot3_fake_node
[7.872s] -- Installing: /home/goku/ros2_custom/turtlebot3_ws/install/turtlebot3_fake_node/share/turtlebot3_fake_node/cmake/ament_cmake_export_include_directories-extras.cmake
[7.872s] -- Installing: /home/goku/ros2_custom/turtlebot3_ws/install/turtlebot3_fake_node/share/turtlebot3_fake_node/cmake/ament_cmake_export_dependencies-extras.cmake
[7.872s] -- Installing: /home/goku/ros2_custom/turtlebot3_ws/install/turtlebot3_fake_node/share/turtlebot3_fake_node/cmake/turtlebot3_fake_nodeConfig.cmake
[7.872s] -- Installing: /home/goku/ros2_custom/turtlebot3_ws/install/turtlebot3_fake_node/share/turtlebot3_fake_node/cmake/turtlebot3_fake_nodeConfig-version.cmake
[7.872s] -- Installing: /home/goku/ros2_custom/turtlebot3_ws/install/turtlebot3_fake_node/share/turtlebot3_fake_node/package.xml
[7.874s] Invoked command in '/home/goku/ros2_custom/turtlebot3_ws/build/turtlebot3_fake_node' returned '0': CMAKE_PREFIX_PATH=${CMAKE_PREFIX_PATH}:/home/goku/ros2_ws/install/ultimate_pkg:/home/goku/ros2_ws/install/ros2_project_py:/home/goku/ros2_ws/install/my_py_pkg:/home/goku/ros2_ws/install/first_bot:/opt/ros/humble /usr/bin/cmake --install /home/goku/ros2_custom/turtlebot3_ws/build/turtlebot3_fake_node
