[0.200s] DEBUG:colcon:Command line arguments: ['/usr/bin/colcon', 'build']
[0.200s] DEBUG:colcon:Parsed command line arguments: Namespace(log_base=None, log_level=None, verb_name='build', build_base='build', install_base='install', merge_install=False, symlink_install=False, test_result_base=None, continue_on_error=False, executor='parallel', parallel_workers=20, event_handlers=None, ignore_user_meta=False, metas=['./colcon.meta'], base_paths=['.'], packages_ignore=None, packages_ignore_regex=None, paths=None, packages_up_to=None, packages_up_to_regex=None, packages_above=None, packages_above_and_dependencies=None, packages_above_depth=None, packages_select_by_dep=None, packages_skip_by_dep=None, packages_skip_up_to=None, packages_select_build_failed=False, packages_skip_build_finished=False, packages_select_test_failures=False, packages_skip_test_passed=False, packages_select=None, packages_skip=None, packages_select_regex=None, packages_skip_regex=None, packages_start=None, packages_end=None, allow_overriding=[], cmake_args=None, cmake_target=None, cmake_target_skip_unavailable=False, cmake_clean_cache=False, cmake_clean_first=False, cmake_force_configure=False, ament_cmake_args=None, catkin_cmake_args=None, catkin_skip_building_tests=False, verb_parser=<colcon_defaults.argument_parser.defaults.DefaultArgumentsDecorator object at 0x7f3b285cded0>, verb_extension=<colcon_core.verb.build.BuildVerb object at 0x7f3b2875f940>, main=<bound method BuildVerb.main of <colcon_core.verb.build.BuildVerb object at 0x7f3b2875f940>>)
[0.220s] Level 1:colcon.colcon_core.package_discovery:discover_packages(colcon_meta) check parameters
[0.220s] Level 1:colcon.colcon_core.package_discovery:discover_packages(recursive) check parameters
[0.220s] Level 1:colcon.colcon_core.package_discovery:discover_packages(ignore) check parameters
[0.220s] Level 1:colcon.colcon_core.package_discovery:discover_packages(path) check parameters
[0.220s] Level 1:colcon.colcon_core.package_discovery:discover_packages(colcon_meta) discover
[0.220s] Level 1:colcon.colcon_core.package_discovery:discover_packages(recursive) discover
[0.220s] INFO:colcon.colcon_core.package_discovery:Crawling recursively for packages in '/home/goku/ros2_custom/turtlebot3_ws'
[0.220s] Level 1:colcon.colcon_core.package_identification:_identify(.) by extensions ['ignore', 'ignore_ament_install']
[0.220s] Level 1:colcon.colcon_core.package_identification:_identify(.) by extension 'ignore'
[0.220s] Level 1:colcon.colcon_core.package_identification:_identify(.) by extension 'ignore_ament_install'
[0.220s] Level 1:colcon.colcon_core.package_identification:_identify(.) by extensions ['colcon_pkg']
[0.220s] Level 1:colcon.colcon_core.package_identification:_identify(.) by extension 'colcon_pkg'
[0.220s] Level 1:colcon.colcon_core.package_identification:_identify(.) by extensions ['colcon_meta']
[0.220s] Level 1:colcon.colcon_core.package_identification:_identify(.) by extension 'colcon_meta'
[0.220s] Level 1:colcon.colcon_core.package_identification:_identify(.) by extensions ['ros']
[0.220s] Level 1:colcon.colcon_core.package_identification:_identify(.) by extension 'ros'
[0.229s] Level 1:colcon.colcon_core.package_identification:_identify(.) by extensions ['cmake', 'python']
[0.229s] Level 1:colcon.colcon_core.package_identification:_identify(.) by extension 'cmake'
[0.229s] Level 1:colcon.colcon_core.package_identification:_identify(.) by extension 'python'
[0.229s] Level 1:colcon.colcon_core.package_identification:_identify(.) by extensions ['python_setup_py']
[0.229s] Level 1:colcon.colcon_core.package_identification:_identify(.) by extension 'python_setup_py'
[0.229s] Level 1:colcon.colcon_core.package_identification:_identify(build) by extensions ['ignore', 'ignore_ament_install']
[0.229s] Level 1:colcon.colcon_core.package_identification:_identify(build) by extension 'ignore'
[0.229s] Level 1:colcon.colcon_core.package_identification:_identify(build) ignored
[0.229s] Level 1:colcon.colcon_core.package_identification:_identify(install) by extensions ['ignore', 'ignore_ament_install']
[0.229s] Level 1:colcon.colcon_core.package_identification:_identify(install) by extension 'ignore'
[0.229s] Level 1:colcon.colcon_core.package_identification:_identify(install) ignored
[0.229s] Level 1:colcon.colcon_core.package_identification:_identify(log) by extensions ['ignore', 'ignore_ament_install']
[0.229s] Level 1:colcon.colcon_core.package_identification:_identify(log) by extension 'ignore'
[0.229s] Level 1:colcon.colcon_core.package_identification:_identify(log) ignored
[0.229s] Level 1:colcon.colcon_core.package_identification:_identify(src) by extensions ['ignore', 'ignore_ament_install']
[0.229s] Level 1:colcon.colcon_core.package_identification:_identify(src) by extension 'ignore'
[0.229s] Level 1:colcon.colcon_core.package_identification:_identify(src) by extension 'ignore_ament_install'
[0.229s] Level 1:colcon.colcon_core.package_identification:_identify(src) by extensions ['colcon_pkg']
[0.229s] Level 1:colcon.colcon_core.package_identification:_identify(src) by extension 'colcon_pkg'
[0.229s] Level 1:colcon.colcon_core.package_identification:_identify(src) by extensions ['colcon_meta']
[0.230s] Level 1:colcon.colcon_core.package_identification:_identify(src) by extension 'colcon_meta'
[0.230s] Level 1:colcon.colcon_core.package_identification:_identify(src) by extensions ['ros']
[0.230s] Level 1:colcon.colcon_core.package_identification:_identify(src) by extension 'ros'
[0.230s] Level 1:colcon.colcon_core.package_identification:_identify(src) by extensions ['cmake', 'python']
[0.230s] Level 1:colcon.colcon_core.package_identification:_identify(src) by extension 'cmake'
[0.230s] Level 1:colcon.colcon_core.package_identification:_identify(src) by extension 'python'
[0.230s] Level 1:colcon.colcon_core.package_identification:_identify(src) by extensions ['python_setup_py']
[0.230s] Level 1:colcon.colcon_core.package_identification:_identify(src) by extension 'python_setup_py'
[0.230s] Level 1:colcon.colcon_core.package_identification:_identify(src/turtlebot3_fake_node) by extensions ['ignore', 'ignore_ament_install']
[0.230s] Level 1:colcon.colcon_core.package_identification:_identify(src/turtlebot3_fake_node) by extension 'ignore'
[0.230s] Level 1:colcon.colcon_core.package_identification:_identify(src/turtlebot3_fake_node) by extension 'ignore_ament_install'
[0.230s] Level 1:colcon.colcon_core.package_identification:_identify(src/turtlebot3_fake_node) by extensions ['colcon_pkg']
[0.230s] Level 1:colcon.colcon_core.package_identification:_identify(src/turtlebot3_fake_node) by extension 'colcon_pkg'
[0.230s] Level 1:colcon.colcon_core.package_identification:_identify(src/turtlebot3_fake_node) by extensions ['colcon_meta']
[0.230s] Level 1:colcon.colcon_core.package_identification:_identify(src/turtlebot3_fake_node) by extension 'colcon_meta'
[0.230s] Level 1:colcon.colcon_core.package_identification:_identify(src/turtlebot3_fake_node) by extensions ['ros']
[0.230s] Level 1:colcon.colcon_core.package_identification:_identify(src/turtlebot3_fake_node) by extension 'ros'
[0.232s] DEBUG:colcon.colcon_core.package_identification:Package 'src/turtlebot3_fake_node' with type 'ros.ament_cmake' and name 'turtlebot3_fake_node'
[0.232s] Level 1:colcon.colcon_core.package_identification:_identify(src/turtlebot3_gazebo) by extensions ['ignore', 'ignore_ament_install']
[0.232s] Level 1:colcon.colcon_core.package_identification:_identify(src/turtlebot3_gazebo) by extension 'ignore'
[0.232s] Level 1:colcon.colcon_core.package_identification:_identify(src/turtlebot3_gazebo) by extension 'ignore_ament_install'
[0.232s] Level 1:colcon.colcon_core.package_identification:_identify(src/turtlebot3_gazebo) by extensions ['colcon_pkg']
[0.232s] Level 1:colcon.colcon_core.package_identification:_identify(src/turtlebot3_gazebo) by extension 'colcon_pkg'
[0.232s] Level 1:colcon.colcon_core.package_identification:_identify(src/turtlebot3_gazebo) by extensions ['colcon_meta']
[0.232s] Level 1:colcon.colcon_core.package_identification:_identify(src/turtlebot3_gazebo) by extension 'colcon_meta'
[0.232s] Level 1:colcon.colcon_core.package_identification:_identify(src/turtlebot3_gazebo) by extensions ['ros']
[0.232s] Level 1:colcon.colcon_core.package_identification:_identify(src/turtlebot3_gazebo) by extension 'ros'
[0.233s] DEBUG:colcon.colcon_core.package_identification:Package 'src/turtlebot3_gazebo' with type 'ros.ament_cmake' and name 'turtlebot3_gazebo'
[0.233s] Level 1:colcon.colcon_core.package_identification:_identify(src/turtlebot3_simulations) by extensions ['ignore', 'ignore_ament_install']
[0.233s] Level 1:colcon.colcon_core.package_identification:_identify(src/turtlebot3_simulations) by extension 'ignore'
[0.233s] Level 1:colcon.colcon_core.package_identification:_identify(src/turtlebot3_simulations) by extension 'ignore_ament_install'
[0.233s] Level 1:colcon.colcon_core.package_identification:_identify(src/turtlebot3_simulations) by extensions ['colcon_pkg']
[0.233s] Level 1:colcon.colcon_core.package_identification:_identify(src/turtlebot3_simulations) by extension 'colcon_pkg'
[0.233s] Level 1:colcon.colcon_core.package_identification:_identify(src/turtlebot3_simulations) by extensions ['colcon_meta']
[0.233s] Level 1:colcon.colcon_core.package_identification:_identify(src/turtlebot3_simulations) by extension 'colcon_meta'
[0.233s] Level 1:colcon.colcon_core.package_identification:_identify(src/turtlebot3_simulations) by extensions ['ros']
[0.233s] Level 1:colcon.colcon_core.package_identification:_identify(src/turtlebot3_simulations) by extension 'ros'
[0.233s] DEBUG:colcon.colcon_core.package_identification:Package 'src/turtlebot3_simulations' with type 'ros.ament_cmake' and name 'turtlebot3_simulations'
[0.233s] Level 1:colcon.colcon_core.package_discovery:discover_packages(recursive) using defaults
[0.233s] Level 1:colcon.colcon_core.package_discovery:discover_packages(ignore) discover
[0.233s] Level 1:colcon.colcon_core.package_discovery:discover_packages(ignore) using defaults
[0.233s] Level 1:colcon.colcon_core.package_discovery:discover_packages(path) discover
[0.233s] Level 1:colcon.colcon_core.package_discovery:discover_packages(path) using defaults
[0.248s] Level 1:colcon.colcon_core.package_discovery:discover_packages(prefix_path) check parameters
[0.248s] Level 1:colcon.colcon_core.package_discovery:discover_packages(prefix_path) discover
[0.250s] DEBUG:colcon.colcon_installed_package_information.package_discovery:Found 6 installed packages in /home/goku/ros2_ws/install
[0.251s] DEBUG:colcon.colcon_installed_package_information.package_discovery:Found 393 installed packages in /opt/ros/humble
[0.252s] Level 1:colcon.colcon_core.package_discovery:discover_packages(prefix_path) using defaults
[0.285s] Level 5:colcon.colcon_core.verb:set package 'turtlebot3_fake_node' build argument 'cmake_args' from command line to 'None'
[0.285s] Level 5:colcon.colcon_core.verb:set package 'turtlebot3_fake_node' build argument 'cmake_target' from command line to 'None'
[0.285s] Level 5:colcon.colcon_core.verb:set package 'turtlebot3_fake_node' build argument 'cmake_target_skip_unavailable' from command line to 'False'
[0.286s] Level 5:colcon.colcon_core.verb:set package 'turtlebot3_fake_node' build argument 'cmake_clean_cache' from command line to 'False'
[0.286s] Level 5:colcon.colcon_core.verb:set package 'turtlebot3_fake_node' build argument 'cmake_clean_first' from command line to 'False'
[0.286s] Level 5:colcon.colcon_core.verb:set package 'turtlebot3_fake_node' build argument 'cmake_force_configure' from command line to 'False'
[0.286s] Level 5:colcon.colcon_core.verb:set package 'turtlebot3_fake_node' build argument 'ament_cmake_args' from command line to 'None'
[0.286s] Level 5:colcon.colcon_core.verb:set package 'turtlebot3_fake_node' build argument 'catkin_cmake_args' from command line to 'None'
[0.286s] Level 5:colcon.colcon_core.verb:set package 'turtlebot3_fake_node' build argument 'catkin_skip_building_tests' from command line to 'False'
[0.286s] DEBUG:colcon.colcon_core.verb:Building package 'turtlebot3_fake_node' with the following arguments: {'ament_cmake_args': None, 'build_base': '/home/goku/ros2_custom/turtlebot3_ws/build/turtlebot3_fake_node', 'catkin_cmake_args': None, 'catkin_skip_building_tests': False, 'cmake_args': None, 'cmake_clean_cache': False, 'cmake_clean_first': False, 'cmake_force_configure': False, 'cmake_target': None, 'cmake_target_skip_unavailable': False, 'install_base': '/home/goku/ros2_custom/turtlebot3_ws/install/turtlebot3_fake_node', 'merge_install': False, 'path': '/home/goku/ros2_custom/turtlebot3_ws/src/turtlebot3_fake_node', 'symlink_install': False, 'test_result_base': None}
[0.286s] Level 5:colcon.colcon_core.verb:set package 'turtlebot3_gazebo' build argument 'cmake_args' from command line to 'None'
[0.286s] Level 5:colcon.colcon_core.verb:set package 'turtlebot3_gazebo' build argument 'cmake_target' from command line to 'None'
[0.286s] Level 5:colcon.colcon_core.verb:set package 'turtlebot3_gazebo' build argument 'cmake_target_skip_unavailable' from command line to 'False'
[0.286s] Level 5:colcon.colcon_core.verb:set package 'turtlebot3_gazebo' build argument 'cmake_clean_cache' from command line to 'False'
[0.286s] Level 5:colcon.colcon_core.verb:set package 'turtlebot3_gazebo' build argument 'cmake_clean_first' from command line to 'False'
[0.286s] Level 5:colcon.colcon_core.verb:set package 'turtlebot3_gazebo' build argument 'cmake_force_configure' from command line to 'False'
[0.286s] Level 5:colcon.colcon_core.verb:set package 'turtlebot3_gazebo' build argument 'ament_cmake_args' from command line to 'None'
[0.286s] Level 5:colcon.colcon_core.verb:set package 'turtlebot3_gazebo' build argument 'catkin_cmake_args' from command line to 'None'
[0.286s] Level 5:colcon.colcon_core.verb:set package 'turtlebot3_gazebo' build argument 'catkin_skip_building_tests' from command line to 'False'
[0.286s] DEBUG:colcon.colcon_core.verb:Building package 'turtlebot3_gazebo' with the following arguments: {'ament_cmake_args': None, 'build_base': '/home/goku/ros2_custom/turtlebot3_ws/build/turtlebot3_gazebo', 'catkin_cmake_args': None, 'catkin_skip_building_tests': False, 'cmake_args': None, 'cmake_clean_cache': False, 'cmake_clean_first': False, 'cmake_force_configure': False, 'cmake_target': None, 'cmake_target_skip_unavailable': False, 'install_base': '/home/goku/ros2_custom/turtlebot3_ws/install/turtlebot3_gazebo', 'merge_install': False, 'path': '/home/goku/ros2_custom/turtlebot3_ws/src/turtlebot3_gazebo', 'symlink_install': False, 'test_result_base': None}
[0.287s] Level 5:colcon.colcon_core.verb:set package 'turtlebot3_simulations' build argument 'cmake_args' from command line to 'None'
[0.287s] Level 5:colcon.colcon_core.verb:set package 'turtlebot3_simulations' build argument 'cmake_target' from command line to 'None'
[0.287s] Level 5:colcon.colcon_core.verb:set package 'turtlebot3_simulations' build argument 'cmake_target_skip_unavailable' from command line to 'False'
[0.287s] Level 5:colcon.colcon_core.verb:set package 'turtlebot3_simulations' build argument 'cmake_clean_cache' from command line to 'False'
[0.287s] Level 5:colcon.colcon_core.verb:set package 'turtlebot3_simulations' build argument 'cmake_clean_first' from command line to 'False'
[0.287s] Level 5:colcon.colcon_core.verb:set package 'turtlebot3_simulations' build argument 'cmake_force_configure' from command line to 'False'
[0.287s] Level 5:colcon.colcon_core.verb:set package 'turtlebot3_simulations' build argument 'ament_cmake_args' from command line to 'None'
[0.287s] Level 5:colcon.colcon_core.verb:set package 'turtlebot3_simulations' build argument 'catkin_cmake_args' from command line to 'None'
[0.287s] Level 5:colcon.colcon_core.verb:set package 'turtlebot3_simulations' build argument 'catkin_skip_building_tests' from command line to 'False'
[0.287s] DEBUG:colcon.colcon_core.verb:Building package 'turtlebot3_simulations' with the following arguments: {'ament_cmake_args': None, 'build_base': '/home/goku/ros2_custom/turtlebot3_ws/build/turtlebot3_simulations', 'catkin_cmake_args': None, 'catkin_skip_building_tests': False, 'cmake_args': None, 'cmake_clean_cache': False, 'cmake_clean_first': False, 'cmake_force_configure': False, 'cmake_target': None, 'cmake_target_skip_unavailable': False, 'install_base': '/home/goku/ros2_custom/turtlebot3_ws/install/turtlebot3_simulations', 'merge_install': False, 'path': '/home/goku/ros2_custom/turtlebot3_ws/src/turtlebot3_simulations', 'symlink_install': False, 'test_result_base': None}
[0.287s] INFO:colcon.colcon_core.executor:Executing jobs using 'parallel' executor
[0.289s] DEBUG:colcon.colcon_parallel_executor.executor.parallel:run_until_complete
[0.289s] INFO:colcon.colcon_ros.task.ament_cmake.build:Building ROS package in '/home/goku/ros2_custom/turtlebot3_ws/src/turtlebot3_fake_node' with build type 'ament_cmake'
[0.289s] INFO:colcon.colcon_cmake.task.cmake.build:Building CMake package in '/home/goku/ros2_custom/turtlebot3_ws/src/turtlebot3_fake_node'
[0.293s] INFO:colcon.colcon_core.plugin_system:Skipping extension 'colcon_core.shell.bat': Not used on non-Windows systems
[0.293s] INFO:colcon.colcon_core.shell:Skip shell extension 'powershell' for command environment: Not usable outside of PowerShell
[0.293s] DEBUG:colcon.colcon_core.shell:Skip shell extension 'dsv' for command environment
[0.296s] INFO:colcon.colcon_ros.task.ament_cmake.build:Building ROS package in '/home/goku/ros2_custom/turtlebot3_ws/src/turtlebot3_gazebo' with build type 'ament_cmake'
[0.296s] INFO:colcon.colcon_cmake.task.cmake.build:Building CMake package in '/home/goku/ros2_custom/turtlebot3_ws/src/turtlebot3_gazebo'
[0.296s] INFO:colcon.colcon_core.shell:Skip shell extension 'powershell' for command environment: Not usable outside of PowerShell
[0.297s] DEBUG:colcon.colcon_core.shell:Skip shell extension 'dsv' for command environment
[0.302s] DEBUG:colcon.colcon_core.event_handler.log_command:Invoking command in '/home/goku/ros2_custom/turtlebot3_ws/build/turtlebot3_fake_node': CMAKE_PREFIX_PATH=${CMAKE_PREFIX_PATH}:/home/goku/ros2_ws/install/ultimate_pkg:/home/goku/ros2_ws/install/ros2_project_py:/home/goku/ros2_ws/install/my_py_pkg:/home/goku/ros2_ws/install/first_bot:/opt/ros/humble /usr/bin/cmake /home/goku/ros2_custom/turtlebot3_ws/src/turtlebot3_fake_node -DCMAKE_INSTALL_PREFIX=/home/goku/ros2_custom/turtlebot3_ws/install/turtlebot3_fake_node
[0.303s] DEBUG:colcon.colcon_core.event_handler.log_command:Invoking command in '/home/goku/ros2_custom/turtlebot3_ws/build/turtlebot3_gazebo': CMAKE_PREFIX_PATH=${CMAKE_PREFIX_PATH}:/home/goku/ros2_ws/install/ultimate_pkg:/home/goku/ros2_ws/install/ros2_project_py:/home/goku/ros2_ws/install/my_py_pkg:/home/goku/ros2_ws/install/first_bot:/opt/ros/humble /usr/bin/cmake /home/goku/ros2_custom/turtlebot3_ws/src/turtlebot3_gazebo -DCMAKE_INSTALL_PREFIX=/home/goku/ros2_custom/turtlebot3_ws/install/turtlebot3_gazebo
[1.535s] DEBUG:colcon.colcon_core.event_handler.log_command:Invoked command in '/home/goku/ros2_custom/turtlebot3_ws/build/turtlebot3_fake_node' returned '0': CMAKE_PREFIX_PATH=${CMAKE_PREFIX_PATH}:/home/goku/ros2_ws/install/ultimate_pkg:/home/goku/ros2_ws/install/ros2_project_py:/home/goku/ros2_ws/install/my_py_pkg:/home/goku/ros2_ws/install/first_bot:/opt/ros/humble /usr/bin/cmake /home/goku/ros2_custom/turtlebot3_ws/src/turtlebot3_fake_node -DCMAKE_INSTALL_PREFIX=/home/goku/ros2_custom/turtlebot3_ws/install/turtlebot3_fake_node
[1.535s] DEBUG:colcon.colcon_core.event_handler.log_command:Invoking command in '/home/goku/ros2_custom/turtlebot3_ws/build/turtlebot3_fake_node': CMAKE_PREFIX_PATH=${CMAKE_PREFIX_PATH}:/home/goku/ros2_ws/install/ultimate_pkg:/home/goku/ros2_ws/install/ros2_project_py:/home/goku/ros2_ws/install/my_py_pkg:/home/goku/ros2_ws/install/first_bot:/opt/ros/humble /usr/bin/cmake --build /home/goku/ros2_custom/turtlebot3_ws/build/turtlebot3_fake_node -- -j20 -l20
[1.871s] DEBUG:colcon.colcon_core.event_handler.log_command:Invoked command in '/home/goku/ros2_custom/turtlebot3_ws/build/turtlebot3_gazebo' returned '0': CMAKE_PREFIX_PATH=${CMAKE_PREFIX_PATH}:/home/goku/ros2_ws/install/ultimate_pkg:/home/goku/ros2_ws/install/ros2_project_py:/home/goku/ros2_ws/install/my_py_pkg:/home/goku/ros2_ws/install/first_bot:/opt/ros/humble /usr/bin/cmake /home/goku/ros2_custom/turtlebot3_ws/src/turtlebot3_gazebo -DCMAKE_INSTALL_PREFIX=/home/goku/ros2_custom/turtlebot3_ws/install/turtlebot3_gazebo
[1.872s] DEBUG:colcon.colcon_core.event_handler.log_command:Invoking command in '/home/goku/ros2_custom/turtlebot3_ws/build/turtlebot3_gazebo': CMAKE_PREFIX_PATH=${CMAKE_PREFIX_PATH}:/home/goku/ros2_ws/install/ultimate_pkg:/home/goku/ros2_ws/install/ros2_project_py:/home/goku/ros2_ws/install/my_py_pkg:/home/goku/ros2_ws/install/first_bot:/opt/ros/humble /usr/bin/cmake --build /home/goku/ros2_custom/turtlebot3_ws/build/turtlebot3_gazebo -- -j20 -l20
[8.135s] DEBUG:colcon.colcon_core.event_handler.log_command:Invoked command in '/home/goku/ros2_custom/turtlebot3_ws/build/turtlebot3_fake_node' returned '0': CMAKE_PREFIX_PATH=${CMAKE_PREFIX_PATH}:/home/goku/ros2_ws/install/ultimate_pkg:/home/goku/ros2_ws/install/ros2_project_py:/home/goku/ros2_ws/install/my_py_pkg:/home/goku/ros2_ws/install/first_bot:/opt/ros/humble /usr/bin/cmake --build /home/goku/ros2_custom/turtlebot3_ws/build/turtlebot3_fake_node -- -j20 -l20
[8.154s] DEBUG:colcon.colcon_core.event_handler.log_command:Invoking command in '/home/goku/ros2_custom/turtlebot3_ws/build/turtlebot3_fake_node': CMAKE_PREFIX_PATH=${CMAKE_PREFIX_PATH}:/home/goku/ros2_ws/install/ultimate_pkg:/home/goku/ros2_ws/install/ros2_project_py:/home/goku/ros2_ws/install/my_py_pkg:/home/goku/ros2_ws/install/first_bot:/opt/ros/humble /usr/bin/cmake --install /home/goku/ros2_custom/turtlebot3_ws/build/turtlebot3_fake_node
[8.162s] Level 1:colcon.colcon_core.environment:create_environment_scripts_only(turtlebot3_fake_node)
[8.163s] DEBUG:colcon.colcon_core.event_handler.log_command:Invoked command in '/home/goku/ros2_custom/turtlebot3_ws/build/turtlebot3_fake_node' returned '0': CMAKE_PREFIX_PATH=${CMAKE_PREFIX_PATH}:/home/goku/ros2_ws/install/ultimate_pkg:/home/goku/ros2_ws/install/ros2_project_py:/home/goku/ros2_ws/install/my_py_pkg:/home/goku/ros2_ws/install/first_bot:/opt/ros/humble /usr/bin/cmake --install /home/goku/ros2_custom/turtlebot3_ws/build/turtlebot3_fake_node
[8.169s] Level 1:colcon.colcon_core.environment:checking '/home/goku/ros2_custom/turtlebot3_ws/install/turtlebot3_fake_node' for CMake module files
[8.170s] Level 1:colcon.colcon_core.environment:checking '/home/goku/ros2_custom/turtlebot3_ws/install/turtlebot3_fake_node' for CMake config files
[8.170s] Level 1:colcon.colcon_core.shell:create_environment_hook('turtlebot3_fake_node', 'cmake_prefix_path')
[8.172s] INFO:colcon.colcon_core.shell:Creating environment hook '/home/goku/ros2_custom/turtlebot3_ws/install/turtlebot3_fake_node/share/turtlebot3_fake_node/hook/cmake_prefix_path.ps1'
[8.172s] INFO:colcon.colcon_core.shell:Creating environment descriptor '/home/goku/ros2_custom/turtlebot3_ws/install/turtlebot3_fake_node/share/turtlebot3_fake_node/hook/cmake_prefix_path.dsv'
[8.173s] INFO:colcon.colcon_core.shell:Creating environment hook '/home/goku/ros2_custom/turtlebot3_ws/install/turtlebot3_fake_node/share/turtlebot3_fake_node/hook/cmake_prefix_path.sh'
[8.174s] Level 1:colcon.colcon_core.environment:checking '/home/goku/ros2_custom/turtlebot3_ws/install/turtlebot3_fake_node/lib'
[8.174s] Level 1:colcon.colcon_core.environment:checking '/home/goku/ros2_custom/turtlebot3_ws/install/turtlebot3_fake_node/bin'
[8.174s] Level 1:colcon.colcon_core.environment:checking '/home/goku/ros2_custom/turtlebot3_ws/install/turtlebot3_fake_node/lib/pkgconfig/turtlebot3_fake_node.pc'
[8.174s] Level 1:colcon.colcon_core.environment:checking '/home/goku/ros2_custom/turtlebot3_ws/install/turtlebot3_fake_node/lib/python3.10/site-packages'
[8.174s] Level 1:colcon.colcon_core.environment:checking '/home/goku/ros2_custom/turtlebot3_ws/install/turtlebot3_fake_node/bin'
[8.176s] INFO:colcon.colcon_core.shell:Creating package script '/home/goku/ros2_custom/turtlebot3_ws/install/turtlebot3_fake_node/share/turtlebot3_fake_node/package.ps1'
[8.177s] INFO:colcon.colcon_core.shell:Creating package descriptor '/home/goku/ros2_custom/turtlebot3_ws/install/turtlebot3_fake_node/share/turtlebot3_fake_node/package.dsv'
[8.178s] INFO:colcon.colcon_core.shell:Creating package script '/home/goku/ros2_custom/turtlebot3_ws/install/turtlebot3_fake_node/share/turtlebot3_fake_node/package.sh'
[8.178s] INFO:colcon.colcon_core.shell:Creating package script '/home/goku/ros2_custom/turtlebot3_ws/install/turtlebot3_fake_node/share/turtlebot3_fake_node/package.bash'
[8.179s] INFO:colcon.colcon_core.shell:Creating package script '/home/goku/ros2_custom/turtlebot3_ws/install/turtlebot3_fake_node/share/turtlebot3_fake_node/package.zsh'
[8.180s] Level 1:colcon.colcon_core.environment:create_file_with_runtime_dependencies(/home/goku/ros2_custom/turtlebot3_ws/install/turtlebot3_fake_node/share/colcon-core/packages/turtlebot3_fake_node)
[8.195s] Level 1:colcon.colcon_core.environment:create_environment_scripts_only(turtlebot3_fake_node)
[8.198s] Level 1:colcon.colcon_core.environment:checking '/home/goku/ros2_custom/turtlebot3_ws/install/turtlebot3_fake_node' for CMake module files
[8.198s] Level 1:colcon.colcon_core.environment:checking '/home/goku/ros2_custom/turtlebot3_ws/install/turtlebot3_fake_node' for CMake config files
[8.198s] Level 1:colcon.colcon_core.shell:create_environment_hook('turtlebot3_fake_node', 'cmake_prefix_path')
[8.200s] INFO:colcon.colcon_core.shell:Creating environment hook '/home/goku/ros2_custom/turtlebot3_ws/install/turtlebot3_fake_node/share/turtlebot3_fake_node/hook/cmake_prefix_path.ps1'
[8.200s] INFO:colcon.colcon_core.shell:Creating environment descriptor '/home/goku/ros2_custom/turtlebot3_ws/install/turtlebot3_fake_node/share/turtlebot3_fake_node/hook/cmake_prefix_path.dsv'
[8.200s] INFO:colcon.colcon_core.shell:Creating environment hook '/home/goku/ros2_custom/turtlebot3_ws/install/turtlebot3_fake_node/share/turtlebot3_fake_node/hook/cmake_prefix_path.sh'
[8.201s] Level 1:colcon.colcon_core.environment:checking '/home/goku/ros2_custom/turtlebot3_ws/install/turtlebot3_fake_node/lib'
[8.201s] Level 1:colcon.colcon_core.environment:checking '/home/goku/ros2_custom/turtlebot3_ws/install/turtlebot3_fake_node/bin'
[8.201s] Level 1:colcon.colcon_core.environment:checking '/home/goku/ros2_custom/turtlebot3_ws/install/turtlebot3_fake_node/lib/pkgconfig/turtlebot3_fake_node.pc'
[8.201s] Level 1:colcon.colcon_core.environment:checking '/home/goku/ros2_custom/turtlebot3_ws/install/turtlebot3_fake_node/lib/python3.10/site-packages'
[8.201s] Level 1:colcon.colcon_core.environment:checking '/home/goku/ros2_custom/turtlebot3_ws/install/turtlebot3_fake_node/bin'
[8.203s] INFO:colcon.colcon_core.shell:Creating package script '/home/goku/ros2_custom/turtlebot3_ws/install/turtlebot3_fake_node/share/turtlebot3_fake_node/package.ps1'
[8.203s] INFO:colcon.colcon_core.shell:Creating package descriptor '/home/goku/ros2_custom/turtlebot3_ws/install/turtlebot3_fake_node/share/turtlebot3_fake_node/package.dsv'
[8.204s] INFO:colcon.colcon_core.shell:Creating package script '/home/goku/ros2_custom/turtlebot3_ws/install/turtlebot3_fake_node/share/turtlebot3_fake_node/package.sh'
[8.204s] INFO:colcon.colcon_core.shell:Creating package script '/home/goku/ros2_custom/turtlebot3_ws/install/turtlebot3_fake_node/share/turtlebot3_fake_node/package.bash'
[8.205s] INFO:colcon.colcon_core.shell:Creating package script '/home/goku/ros2_custom/turtlebot3_ws/install/turtlebot3_fake_node/share/turtlebot3_fake_node/package.zsh'
[8.205s] Level 1:colcon.colcon_core.environment:create_file_with_runtime_dependencies(/home/goku/ros2_custom/turtlebot3_ws/install/turtlebot3_fake_node/share/colcon-core/packages/turtlebot3_fake_node)
[10.942s] DEBUG:colcon.colcon_core.event_handler.log_command:Invoked command in '/home/goku/ros2_custom/turtlebot3_ws/build/turtlebot3_gazebo' returned '0': CMAKE_PREFIX_PATH=${CMAKE_PREFIX_PATH}:/home/goku/ros2_ws/install/ultimate_pkg:/home/goku/ros2_ws/install/ros2_project_py:/home/goku/ros2_ws/install/my_py_pkg:/home/goku/ros2_ws/install/first_bot:/opt/ros/humble /usr/bin/cmake --build /home/goku/ros2_custom/turtlebot3_ws/build/turtlebot3_gazebo -- -j20 -l20
[10.961s] DEBUG:colcon.colcon_core.event_handler.log_command:Invoking command in '/home/goku/ros2_custom/turtlebot3_ws/build/turtlebot3_gazebo': CMAKE_PREFIX_PATH=${CMAKE_PREFIX_PATH}:/home/goku/ros2_ws/install/ultimate_pkg:/home/goku/ros2_ws/install/ros2_project_py:/home/goku/ros2_ws/install/my_py_pkg:/home/goku/ros2_ws/install/first_bot:/opt/ros/humble /usr/bin/cmake --install /home/goku/ros2_custom/turtlebot3_ws/build/turtlebot3_gazebo
[10.972s] Level 1:colcon.colcon_core.environment:create_environment_scripts_only(turtlebot3_gazebo)
[10.972s] DEBUG:colcon.colcon_core.event_handler.log_command:Invoked command in '/home/goku/ros2_custom/turtlebot3_ws/build/turtlebot3_gazebo' returned '0': CMAKE_PREFIX_PATH=${CMAKE_PREFIX_PATH}:/home/goku/ros2_ws/install/ultimate_pkg:/home/goku/ros2_ws/install/ros2_project_py:/home/goku/ros2_ws/install/my_py_pkg:/home/goku/ros2_ws/install/first_bot:/opt/ros/humble /usr/bin/cmake --install /home/goku/ros2_custom/turtlebot3_ws/build/turtlebot3_gazebo
[10.974s] Level 1:colcon.colcon_core.environment:checking '/home/goku/ros2_custom/turtlebot3_ws/install/turtlebot3_gazebo' for CMake module files
[10.974s] Level 1:colcon.colcon_core.environment:checking '/home/goku/ros2_custom/turtlebot3_ws/install/turtlebot3_gazebo' for CMake config files
[10.974s] Level 1:colcon.colcon_core.shell:create_environment_hook('turtlebot3_gazebo', 'cmake_prefix_path')
[10.975s] INFO:colcon.colcon_core.shell:Creating environment hook '/home/goku/ros2_custom/turtlebot3_ws/install/turtlebot3_gazebo/share/turtlebot3_gazebo/hook/cmake_prefix_path.ps1'
[10.975s] INFO:colcon.colcon_core.shell:Creating environment descriptor '/home/goku/ros2_custom/turtlebot3_ws/install/turtlebot3_gazebo/share/turtlebot3_gazebo/hook/cmake_prefix_path.dsv'
[10.976s] INFO:colcon.colcon_core.shell:Creating environment hook '/home/goku/ros2_custom/turtlebot3_ws/install/turtlebot3_gazebo/share/turtlebot3_gazebo/hook/cmake_prefix_path.sh'
[10.976s] Level 1:colcon.colcon_core.environment:checking '/home/goku/ros2_custom/turtlebot3_ws/install/turtlebot3_gazebo/lib'
[10.976s] Level 1:colcon.colcon_core.environment:checking '/home/goku/ros2_custom/turtlebot3_ws/install/turtlebot3_gazebo/bin'
[10.976s] Level 1:colcon.colcon_core.environment:checking '/home/goku/ros2_custom/turtlebot3_ws/install/turtlebot3_gazebo/lib/pkgconfig/turtlebot3_gazebo.pc'
[10.976s] Level 1:colcon.colcon_core.environment:checking '/home/goku/ros2_custom/turtlebot3_ws/install/turtlebot3_gazebo/lib/python3.10/site-packages'
[10.976s] Level 1:colcon.colcon_core.environment:checking '/home/goku/ros2_custom/turtlebot3_ws/install/turtlebot3_gazebo/bin'
[10.977s] INFO:colcon.colcon_core.shell:Creating package script '/home/goku/ros2_custom/turtlebot3_ws/install/turtlebot3_gazebo/share/turtlebot3_gazebo/package.ps1'
[10.977s] INFO:colcon.colcon_core.shell:Creating package descriptor '/home/goku/ros2_custom/turtlebot3_ws/install/turtlebot3_gazebo/share/turtlebot3_gazebo/package.dsv'
[10.977s] INFO:colcon.colcon_core.shell:Creating package script '/home/goku/ros2_custom/turtlebot3_ws/install/turtlebot3_gazebo/share/turtlebot3_gazebo/package.sh'
[10.977s] INFO:colcon.colcon_core.shell:Creating package script '/home/goku/ros2_custom/turtlebot3_ws/install/turtlebot3_gazebo/share/turtlebot3_gazebo/package.bash'
[10.978s] INFO:colcon.colcon_core.shell:Creating package script '/home/goku/ros2_custom/turtlebot3_ws/install/turtlebot3_gazebo/share/turtlebot3_gazebo/package.zsh'
[10.978s] Level 1:colcon.colcon_core.environment:create_file_with_runtime_dependencies(/home/goku/ros2_custom/turtlebot3_ws/install/turtlebot3_gazebo/share/colcon-core/packages/turtlebot3_gazebo)
[10.998s] Level 1:colcon.colcon_core.environment:create_environment_scripts_only(turtlebot3_gazebo)
[11.001s] Level 1:colcon.colcon_core.environment:checking '/home/goku/ros2_custom/turtlebot3_ws/install/turtlebot3_gazebo' for CMake module files
[11.002s] Level 1:colcon.colcon_core.environment:checking '/home/goku/ros2_custom/turtlebot3_ws/install/turtlebot3_gazebo' for CMake config files
[11.002s] Level 1:colcon.colcon_core.shell:create_environment_hook('turtlebot3_gazebo', 'cmake_prefix_path')
[11.003s] INFO:colcon.colcon_core.shell:Creating environment hook '/home/goku/ros2_custom/turtlebot3_ws/install/turtlebot3_gazebo/share/turtlebot3_gazebo/hook/cmake_prefix_path.ps1'
[11.004s] INFO:colcon.colcon_core.shell:Creating environment descriptor '/home/goku/ros2_custom/turtlebot3_ws/install/turtlebot3_gazebo/share/turtlebot3_gazebo/hook/cmake_prefix_path.dsv'
[11.004s] INFO:colcon.colcon_core.shell:Creating environment hook '/home/goku/ros2_custom/turtlebot3_ws/install/turtlebot3_gazebo/share/turtlebot3_gazebo/hook/cmake_prefix_path.sh'
[11.005s] Level 1:colcon.colcon_core.environment:checking '/home/goku/ros2_custom/turtlebot3_ws/install/turtlebot3_gazebo/lib'
[11.005s] Level 1:colcon.colcon_core.environment:checking '/home/goku/ros2_custom/turtlebot3_ws/install/turtlebot3_gazebo/bin'
[11.005s] Level 1:colcon.colcon_core.environment:checking '/home/goku/ros2_custom/turtlebot3_ws/install/turtlebot3_gazebo/lib/pkgconfig/turtlebot3_gazebo.pc'
[11.005s] Level 1:colcon.colcon_core.environment:checking '/home/goku/ros2_custom/turtlebot3_ws/install/turtlebot3_gazebo/lib/python3.10/site-packages'
[11.005s] Level 1:colcon.colcon_core.environment:checking '/home/goku/ros2_custom/turtlebot3_ws/install/turtlebot3_gazebo/bin'
[11.006s] INFO:colcon.colcon_core.shell:Creating package script '/home/goku/ros2_custom/turtlebot3_ws/install/turtlebot3_gazebo/share/turtlebot3_gazebo/package.ps1'
[11.007s] INFO:colcon.colcon_core.shell:Creating package descriptor '/home/goku/ros2_custom/turtlebot3_ws/install/turtlebot3_gazebo/share/turtlebot3_gazebo/package.dsv'
[11.007s] INFO:colcon.colcon_core.shell:Creating package script '/home/goku/ros2_custom/turtlebot3_ws/install/turtlebot3_gazebo/share/turtlebot3_gazebo/package.sh'
[11.007s] INFO:colcon.colcon_core.shell:Creating package script '/home/goku/ros2_custom/turtlebot3_ws/install/turtlebot3_gazebo/share/turtlebot3_gazebo/package.bash'
[11.008s] INFO:colcon.colcon_core.shell:Creating package script '/home/goku/ros2_custom/turtlebot3_ws/install/turtlebot3_gazebo/share/turtlebot3_gazebo/package.zsh'
[11.008s] Level 1:colcon.colcon_core.environment:create_file_with_runtime_dependencies(/home/goku/ros2_custom/turtlebot3_ws/install/turtlebot3_gazebo/share/colcon-core/packages/turtlebot3_gazebo)
[11.008s] INFO:colcon.colcon_ros.task.ament_cmake.build:Building ROS package in '/home/goku/ros2_custom/turtlebot3_ws/src/turtlebot3_simulations' with build type 'ament_cmake'
[11.008s] INFO:colcon.colcon_cmake.task.cmake.build:Building CMake package in '/home/goku/ros2_custom/turtlebot3_ws/src/turtlebot3_simulations'
[11.010s] INFO:colcon.colcon_core.shell:Skip shell extension 'powershell' for command environment: Not usable outside of PowerShell
[11.010s] DEBUG:colcon.colcon_core.shell:Skip shell extension 'dsv' for command environment
[11.018s] DEBUG:colcon.colcon_core.event_handler.log_command:Invoking command in '/home/goku/ros2_custom/turtlebot3_ws/build/turtlebot3_simulations': AMENT_PREFIX_PATH=/home/goku/ros2_custom/turtlebot3_ws/install/turtlebot3_gazebo:/home/goku/ros2_custom/turtlebot3_ws/install/turtlebot3_fake_node:${AMENT_PREFIX_PATH} CMAKE_PREFIX_PATH=/home/goku/ros2_custom/turtlebot3_ws/install/turtlebot3_gazebo:/home/goku/ros2_custom/turtlebot3_ws/install/turtlebot3_fake_node:/home/goku/ros2_ws/install/ros2_project_cpp:/home/goku/ros2_ws/install/my_cpp_pkg:/home/goku/ros2_ws/install/ultimate_pkg:/home/goku/ros2_ws/install/ros2_project_py:/home/goku/ros2_ws/install/my_py_pkg:/home/goku/ros2_ws/install/first_bot:/opt/ros/humble /usr/bin/cmake /home/goku/ros2_custom/turtlebot3_ws/src/turtlebot3_simulations -DCMAKE_INSTALL_PREFIX=/home/goku/ros2_custom/turtlebot3_ws/install/turtlebot3_simulations
[11.470s] DEBUG:colcon.colcon_core.event_handler.log_command:Invoked command in '/home/goku/ros2_custom/turtlebot3_ws/build/turtlebot3_simulations' returned '0': AMENT_PREFIX_PATH=/home/goku/ros2_custom/turtlebot3_ws/install/turtlebot3_gazebo:/home/goku/ros2_custom/turtlebot3_ws/install/turtlebot3_fake_node:${AMENT_PREFIX_PATH} CMAKE_PREFIX_PATH=/home/goku/ros2_custom/turtlebot3_ws/install/turtlebot3_gazebo:/home/goku/ros2_custom/turtlebot3_ws/install/turtlebot3_fake_node:/home/goku/ros2_ws/install/ros2_project_cpp:/home/goku/ros2_ws/install/my_cpp_pkg:/home/goku/ros2_ws/install/ultimate_pkg:/home/goku/ros2_ws/install/ros2_project_py:/home/goku/ros2_ws/install/my_py_pkg:/home/goku/ros2_ws/install/first_bot:/opt/ros/humble /usr/bin/cmake /home/goku/ros2_custom/turtlebot3_ws/src/turtlebot3_simulations -DCMAKE_INSTALL_PREFIX=/home/goku/ros2_custom/turtlebot3_ws/install/turtlebot3_simulations
[11.471s] DEBUG:colcon.colcon_core.event_handler.log_command:Invoking command in '/home/goku/ros2_custom/turtlebot3_ws/build/turtlebot3_simulations': AMENT_PREFIX_PATH=/home/goku/ros2_custom/turtlebot3_ws/install/turtlebot3_gazebo:/home/goku/ros2_custom/turtlebot3_ws/install/turtlebot3_fake_node:${AMENT_PREFIX_PATH} CMAKE_PREFIX_PATH=/home/goku/ros2_custom/turtlebot3_ws/install/turtlebot3_gazebo:/home/goku/ros2_custom/turtlebot3_ws/install/turtlebot3_fake_node:/home/goku/ros2_ws/install/ros2_project_cpp:/home/goku/ros2_ws/install/my_cpp_pkg:/home/goku/ros2_ws/install/ultimate_pkg:/home/goku/ros2_ws/install/ros2_project_py:/home/goku/ros2_ws/install/my_py_pkg:/home/goku/ros2_ws/install/first_bot:/opt/ros/humble /usr/bin/cmake --build /home/goku/ros2_custom/turtlebot3_ws/build/turtlebot3_simulations -- -j20 -l20
[11.492s] DEBUG:colcon.colcon_core.event_handler.log_command:Invoked command in '/home/goku/ros2_custom/turtlebot3_ws/build/turtlebot3_simulations' returned '0': AMENT_PREFIX_PATH=/home/goku/ros2_custom/turtlebot3_ws/install/turtlebot3_gazebo:/home/goku/ros2_custom/turtlebot3_ws/install/turtlebot3_fake_node:${AMENT_PREFIX_PATH} CMAKE_PREFIX_PATH=/home/goku/ros2_custom/turtlebot3_ws/install/turtlebot3_gazebo:/home/goku/ros2_custom/turtlebot3_ws/install/turtlebot3_fake_node:/home/goku/ros2_ws/install/ros2_project_cpp:/home/goku/ros2_ws/install/my_cpp_pkg:/home/goku/ros2_ws/install/ultimate_pkg:/home/goku/ros2_ws/install/ros2_project_py:/home/goku/ros2_ws/install/my_py_pkg:/home/goku/ros2_ws/install/first_bot:/opt/ros/humble /usr/bin/cmake --build /home/goku/ros2_custom/turtlebot3_ws/build/turtlebot3_simulations -- -j20 -l20
[11.511s] DEBUG:colcon.colcon_core.event_handler.log_command:Invoking command in '/home/goku/ros2_custom/turtlebot3_ws/build/turtlebot3_simulations': AMENT_PREFIX_PATH=/home/goku/ros2_custom/turtlebot3_ws/install/turtlebot3_gazebo:/home/goku/ros2_custom/turtlebot3_ws/install/turtlebot3_fake_node:${AMENT_PREFIX_PATH} CMAKE_PREFIX_PATH=/home/goku/ros2_custom/turtlebot3_ws/install/turtlebot3_gazebo:/home/goku/ros2_custom/turtlebot3_ws/install/turtlebot3_fake_node:/home/goku/ros2_ws/install/ros2_project_cpp:/home/goku/ros2_ws/install/my_cpp_pkg:/home/goku/ros2_ws/install/ultimate_pkg:/home/goku/ros2_ws/install/ros2_project_py:/home/goku/ros2_ws/install/my_py_pkg:/home/goku/ros2_ws/install/first_bot:/opt/ros/humble /usr/bin/cmake --install /home/goku/ros2_custom/turtlebot3_ws/build/turtlebot3_simulations
[11.519s] Level 1:colcon.colcon_core.environment:create_environment_scripts_only(turtlebot3_simulations)
[11.521s] Level 1:colcon.colcon_core.environment:checking '/home/goku/ros2_custom/turtlebot3_ws/install/turtlebot3_simulations' for CMake module files
[11.522s] DEBUG:colcon.colcon_core.event_handler.log_command:Invoked command in '/home/goku/ros2_custom/turtlebot3_ws/build/turtlebot3_simulations' returned '0': AMENT_PREFIX_PATH=/home/goku/ros2_custom/turtlebot3_ws/install/turtlebot3_gazebo:/home/goku/ros2_custom/turtlebot3_ws/install/turtlebot3_fake_node:${AMENT_PREFIX_PATH} CMAKE_PREFIX_PATH=/home/goku/ros2_custom/turtlebot3_ws/install/turtlebot3_gazebo:/home/goku/ros2_custom/turtlebot3_ws/install/turtlebot3_fake_node:/home/goku/ros2_ws/install/ros2_project_cpp:/home/goku/ros2_ws/install/my_cpp_pkg:/home/goku/ros2_ws/install/ultimate_pkg:/home/goku/ros2_ws/install/ros2_project_py:/home/goku/ros2_ws/install/my_py_pkg:/home/goku/ros2_ws/install/first_bot:/opt/ros/humble /usr/bin/cmake --install /home/goku/ros2_custom/turtlebot3_ws/build/turtlebot3_simulations
[11.522s] Level 1:colcon.colcon_core.environment:checking '/home/goku/ros2_custom/turtlebot3_ws/install/turtlebot3_simulations' for CMake config files
[11.522s] Level 1:colcon.colcon_core.shell:create_environment_hook('turtlebot3_simulations', 'cmake_prefix_path')
[11.524s] INFO:colcon.colcon_core.shell:Creating environment hook '/home/goku/ros2_custom/turtlebot3_ws/install/turtlebot3_simulations/share/turtlebot3_simulations/hook/cmake_prefix_path.ps1'
[11.524s] INFO:colcon.colcon_core.shell:Creating environment descriptor '/home/goku/ros2_custom/turtlebot3_ws/install/turtlebot3_simulations/share/turtlebot3_simulations/hook/cmake_prefix_path.dsv'
[11.524s] INFO:colcon.colcon_core.shell:Creating environment hook '/home/goku/ros2_custom/turtlebot3_ws/install/turtlebot3_simulations/share/turtlebot3_simulations/hook/cmake_prefix_path.sh'
[11.525s] Level 1:colcon.colcon_core.environment:checking '/home/goku/ros2_custom/turtlebot3_ws/install/turtlebot3_simulations/bin'
[11.525s] Level 1:colcon.colcon_core.environment:checking '/home/goku/ros2_custom/turtlebot3_ws/install/turtlebot3_simulations/lib/pkgconfig/turtlebot3_simulations.pc'
[11.525s] Level 1:colcon.colcon_core.environment:checking '/home/goku/ros2_custom/turtlebot3_ws/install/turtlebot3_simulations/lib/python3.10/site-packages'
[11.526s] Level 1:colcon.colcon_core.environment:checking '/home/goku/ros2_custom/turtlebot3_ws/install/turtlebot3_simulations/bin'
[11.527s] INFO:colcon.colcon_core.shell:Creating package script '/home/goku/ros2_custom/turtlebot3_ws/install/turtlebot3_simulations/share/turtlebot3_simulations/package.ps1'
[11.527s] INFO:colcon.colcon_core.shell:Creating package descriptor '/home/goku/ros2_custom/turtlebot3_ws/install/turtlebot3_simulations/share/turtlebot3_simulations/package.dsv'
[11.528s] INFO:colcon.colcon_core.shell:Creating package script '/home/goku/ros2_custom/turtlebot3_ws/install/turtlebot3_simulations/share/turtlebot3_simulations/package.sh'
[11.528s] INFO:colcon.colcon_core.shell:Creating package script '/home/goku/ros2_custom/turtlebot3_ws/install/turtlebot3_simulations/share/turtlebot3_simulations/package.bash'
[11.528s] INFO:colcon.colcon_core.shell:Creating package script '/home/goku/ros2_custom/turtlebot3_ws/install/turtlebot3_simulations/share/turtlebot3_simulations/package.zsh'
[11.528s] Level 1:colcon.colcon_core.environment:create_file_with_runtime_dependencies(/home/goku/ros2_custom/turtlebot3_ws/install/turtlebot3_simulations/share/colcon-core/packages/turtlebot3_simulations)
[11.543s] Level 1:colcon.colcon_core.environment:create_environment_scripts_only(turtlebot3_simulations)
[11.545s] Level 1:colcon.colcon_core.environment:checking '/home/goku/ros2_custom/turtlebot3_ws/install/turtlebot3_simulations' for CMake module files
[11.546s] Level 1:colcon.colcon_core.environment:checking '/home/goku/ros2_custom/turtlebot3_ws/install/turtlebot3_simulations' for CMake config files
[11.546s] Level 1:colcon.colcon_core.shell:create_environment_hook('turtlebot3_simulations', 'cmake_prefix_path')
[11.547s] INFO:colcon.colcon_core.shell:Creating environment hook '/home/goku/ros2_custom/turtlebot3_ws/install/turtlebot3_simulations/share/turtlebot3_simulations/hook/cmake_prefix_path.ps1'
[11.547s] INFO:colcon.colcon_core.shell:Creating environment descriptor '/home/goku/ros2_custom/turtlebot3_ws/install/turtlebot3_simulations/share/turtlebot3_simulations/hook/cmake_prefix_path.dsv'
[11.547s] INFO:colcon.colcon_core.shell:Creating environment hook '/home/goku/ros2_custom/turtlebot3_ws/install/turtlebot3_simulations/share/turtlebot3_simulations/hook/cmake_prefix_path.sh'
[11.548s] Level 1:colcon.colcon_core.environment:checking '/home/goku/ros2_custom/turtlebot3_ws/install/turtlebot3_simulations/bin'
[11.548s] Level 1:colcon.colcon_core.environment:checking '/home/goku/ros2_custom/turtlebot3_ws/install/turtlebot3_simulations/lib/pkgconfig/turtlebot3_simulations.pc'
[11.548s] Level 1:colcon.colcon_core.environment:checking '/home/goku/ros2_custom/turtlebot3_ws/install/turtlebot3_simulations/lib/python3.10/site-packages'
[11.548s] Level 1:colcon.colcon_core.environment:checking '/home/goku/ros2_custom/turtlebot3_ws/install/turtlebot3_simulations/bin'
[11.549s] INFO:colcon.colcon_core.shell:Creating package script '/home/goku/ros2_custom/turtlebot3_ws/install/turtlebot3_simulations/share/turtlebot3_simulations/package.ps1'
[11.550s] INFO:colcon.colcon_core.shell:Creating package descriptor '/home/goku/ros2_custom/turtlebot3_ws/install/turtlebot3_simulations/share/turtlebot3_simulations/package.dsv'
[11.550s] INFO:colcon.colcon_core.shell:Creating package script '/home/goku/ros2_custom/turtlebot3_ws/install/turtlebot3_simulations/share/turtlebot3_simulations/package.sh'
[11.551s] INFO:colcon.colcon_core.shell:Creating package script '/home/goku/ros2_custom/turtlebot3_ws/install/turtlebot3_simulations/share/turtlebot3_simulations/package.bash'
[11.551s] INFO:colcon.colcon_core.shell:Creating package script '/home/goku/ros2_custom/turtlebot3_ws/install/turtlebot3_simulations/share/turtlebot3_simulations/package.zsh'
[11.551s] Level 1:colcon.colcon_core.environment:create_file_with_runtime_dependencies(/home/goku/ros2_custom/turtlebot3_ws/install/turtlebot3_simulations/share/colcon-core/packages/turtlebot3_simulations)
[11.551s] DEBUG:colcon.colcon_parallel_executor.executor.parallel:closing loop
[11.551s] DEBUG:colcon.colcon_parallel_executor.executor.parallel:loop closed
[11.552s] DEBUG:colcon.colcon_parallel_executor.executor.parallel:run_until_complete finished with '0'
[11.552s] DEBUG:colcon.colcon_core.event_reactor:joining thread
[11.556s] INFO:colcon.colcon_core.plugin_system:Skipping extension 'colcon_notification.desktop_notification.terminal_notifier': Not used on non-Darwin systems
[11.556s] INFO:colcon.colcon_core.plugin_system:Skipping extension 'colcon_notification.desktop_notification.win32': Not used on non-Windows systems
[11.556s] INFO:colcon.colcon_notification.desktop_notification:Sending desktop notification using 'notify2'
[11.570s] DEBUG:colcon.colcon_core.event_reactor:joined thread
[11.571s] INFO:colcon.colcon_core.shell:Creating prefix script '/home/goku/ros2_custom/turtlebot3_ws/install/local_setup.ps1'
[11.572s] INFO:colcon.colcon_core.shell:Creating prefix util module '/home/goku/ros2_custom/turtlebot3_ws/install/_local_setup_util_ps1.py'
[11.573s] INFO:colcon.colcon_core.shell:Creating prefix chain script '/home/goku/ros2_custom/turtlebot3_ws/install/setup.ps1'
[11.574s] INFO:colcon.colcon_core.shell:Creating prefix script '/home/goku/ros2_custom/turtlebot3_ws/install/local_setup.sh'
[11.575s] INFO:colcon.colcon_core.shell:Creating prefix util module '/home/goku/ros2_custom/turtlebot3_ws/install/_local_setup_util_sh.py'
[11.575s] INFO:colcon.colcon_core.shell:Creating prefix chain script '/home/goku/ros2_custom/turtlebot3_ws/install/setup.sh'
[11.577s] INFO:colcon.colcon_core.shell:Creating prefix script '/home/goku/ros2_custom/turtlebot3_ws/install/local_setup.bash'
[11.577s] INFO:colcon.colcon_core.shell:Creating prefix chain script '/home/goku/ros2_custom/turtlebot3_ws/install/setup.bash'
[11.578s] INFO:colcon.colcon_core.shell:Creating prefix script '/home/goku/ros2_custom/turtlebot3_ws/install/local_setup.zsh'
[11.579s] INFO:colcon.colcon_core.shell:Creating prefix chain script '/home/goku/ros2_custom/turtlebot3_ws/install/setup.zsh'
