[0.007s] Invoking command in '/home/goku/ros2_custom/turtlebot3_ws/build/turtlebot3_simulations': AMENT_PREFIX_PATH=/home/goku/ros2_custom/turtlebot3_ws/install/turtlebot3_gazebo:/home/goku/ros2_custom/turtlebot3_ws/install/turtlebot3_fake_node:${AMENT_PREFIX_PATH} CMAKE_PREFIX_PATH=/home/goku/ros2_custom/turtlebot3_ws/install/turtlebot3_gazebo:/home/goku/ros2_custom/turtlebot3_ws/install/turtlebot3_fake_node:/home/goku/ros2_ws/install/ros2_project_cpp:/home/goku/ros2_ws/install/my_cpp_pkg:/home/goku/ros2_ws/install/ultimate_pkg:/home/goku/ros2_ws/install/ros2_project_py:/home/goku/ros2_ws/install/my_py_pkg:/home/goku/ros2_ws/install/first_bot:/opt/ros/humble /usr/bin/cmake /home/goku/ros2_custom/turtlebot3_ws/src/turtlebot3_simulations -DCMAKE_INSTALL_PREFIX=/home/goku/ros2_custom/turtlebot3_ws/install/turtlebot3_simulations
[0.040s] -- The C compiler identification is GNU 11.3.0
[0.076s] -- The CXX compiler identification is GNU 11.3.0
[0.082s] -- Detecting C compiler ABI info
[0.115s] -- Detecting C compiler ABI info - done
[0.119s] -- Check for working C compiler: /usr/lib/ccache/cc - skipped
[0.119s] -- Detecting C compile features
[0.119s] -- Detecting C compile features - done
[0.121s] -- Detecting CXX compiler ABI info
[0.158s] -- Detecting CXX compiler ABI info - done
[0.162s] -- Check for working CXX compiler: /usr/lib/ccache/c++ - skipped
[0.162s] -- Detecting CXX compile features
[0.162s] -- Detecting CXX compile features - done
[0.164s] -- Found ament_cmake: 1.3.4 (/opt/ros/humble/share/ament_cmake/cmake)
[0.368s] -- Found Python3: /usr/bin/python3.10 (found version "3.10.6") found components: Interpreter 
[0.455s] -- Configuring done
[0.456s] -- Generating done
[0.457s] -- Build files have been written to: /home/goku/ros2_custom/turtlebot3_ws/build/turtlebot3_simulations
[0.460s] Invoked command in '/home/goku/ros2_custom/turtlebot3_ws/build/turtlebot3_simulations' returned '0': AMENT_PREFIX_PATH=/home/goku/ros2_custom/turtlebot3_ws/install/turtlebot3_gazebo:/home/goku/ros2_custom/turtlebot3_ws/install/turtlebot3_fake_node:${AMENT_PREFIX_PATH} CMAKE_PREFIX_PATH=/home/goku/ros2_custom/turtlebot3_ws/install/turtlebot3_gazebo:/home/goku/ros2_custom/turtlebot3_ws/install/turtlebot3_fake_node:/home/goku/ros2_ws/install/ros2_project_cpp:/home/goku/ros2_ws/install/my_cpp_pkg:/home/goku/ros2_ws/install/ultimate_pkg:/home/goku/ros2_ws/install/ros2_project_py:/home/goku/ros2_ws/install/my_py_pkg:/home/goku/ros2_ws/install/first_bot:/opt/ros/humble /usr/bin/cmake /home/goku/ros2_custom/turtlebot3_ws/src/turtlebot3_simulations -DCMAKE_INSTALL_PREFIX=/home/goku/ros2_custom/turtlebot3_ws/install/turtlebot3_simulations
[0.460s] Invoking command in '/home/goku/ros2_custom/turtlebot3_ws/build/turtlebot3_simulations': AMENT_PREFIX_PATH=/home/goku/ros2_custom/turtlebot3_ws/install/turtlebot3_gazebo:/home/goku/ros2_custom/turtlebot3_ws/install/turtlebot3_fake_node:${AMENT_PREFIX_PATH} CMAKE_PREFIX_PATH=/home/goku/ros2_custom/turtlebot3_ws/install/turtlebot3_gazebo:/home/goku/ros2_custom/turtlebot3_ws/install/turtlebot3_fake_node:/home/goku/ros2_ws/install/ros2_project_cpp:/home/goku/ros2_ws/install/my_cpp_pkg:/home/goku/ros2_ws/install/ultimate_pkg:/home/goku/ros2_ws/install/ros2_project_py:/home/goku/ros2_ws/install/my_py_pkg:/home/goku/ros2_ws/install/first_bot:/opt/ros/humble /usr/bin/cmake --build /home/goku/ros2_custom/turtlebot3_ws/build/turtlebot3_simulations -- -j20 -l20
[0.482s] Invoked command in '/home/goku/ros2_custom/turtlebot3_ws/build/turtlebot3_simulations' returned '0': AMENT_PREFIX_PATH=/home/goku/ros2_custom/turtlebot3_ws/install/turtlebot3_gazebo:/home/goku/ros2_custom/turtlebot3_ws/install/turtlebot3_fake_node:${AMENT_PREFIX_PATH} CMAKE_PREFIX_PATH=/home/goku/ros2_custom/turtlebot3_ws/install/turtlebot3_gazebo:/home/goku/ros2_custom/turtlebot3_ws/install/turtlebot3_fake_node:/home/goku/ros2_ws/install/ros2_project_cpp:/home/goku/ros2_ws/install/my_cpp_pkg:/home/goku/ros2_ws/install/ultimate_pkg:/home/goku/ros2_ws/install/ros2_project_py:/home/goku/ros2_ws/install/my_py_pkg:/home/goku/ros2_ws/install/first_bot:/opt/ros/humble /usr/bin/cmake --build /home/goku/ros2_custom/turtlebot3_ws/build/turtlebot3_simulations -- -j20 -l20
[0.500s] Invoking command in '/home/goku/ros2_custom/turtlebot3_ws/build/turtlebot3_simulations': AMENT_PREFIX_PATH=/home/goku/ros2_custom/turtlebot3_ws/install/turtlebot3_gazebo:/home/goku/ros2_custom/turtlebot3_ws/install/turtlebot3_fake_node:${AMENT_PREFIX_PATH} CMAKE_PREFIX_PATH=/home/goku/ros2_custom/turtlebot3_ws/install/turtlebot3_gazebo:/home/goku/ros2_custom/turtlebot3_ws/install/turtlebot3_fake_node:/home/goku/ros2_ws/install/ros2_project_cpp:/home/goku/ros2_ws/install/my_cpp_pkg:/home/goku/ros2_ws/install/ultimate_pkg:/home/goku/ros2_ws/install/ros2_project_py:/home/goku/ros2_ws/install/my_py_pkg:/home/goku/ros2_ws/install/first_bot:/opt/ros/humble /usr/bin/cmake --install /home/goku/ros2_custom/turtlebot3_ws/build/turtlebot3_simulations
[0.506s] -- Install configuration: ""
[0.506s] -- Installing: /home/goku/ros2_custom/turtlebot3_ws/install/turtlebot3_simulations/share/ament_index/resource_index/package_run_dependencies/turtlebot3_simulations
[0.507s] -- Installing: /home/goku/ros2_custom/turtlebot3_ws/install/turtlebot3_simulations/share/ament_index/resource_index/parent_prefix_path/turtlebot3_simulations
[0.507s] -- Installing: /home/goku/ros2_custom/turtlebot3_ws/install/turtlebot3_simulations/share/turtlebot3_simulations/environment/ament_prefix_path.sh
[0.507s] -- Installing: /home/goku/ros2_custom/turtlebot3_ws/install/turtlebot3_simulations/share/turtlebot3_simulations/environment/ament_prefix_path.dsv
[0.507s] -- Installing: /home/goku/ros2_custom/turtlebot3_ws/install/turtlebot3_simulations/share/turtlebot3_simulations/environment/path.sh
[0.507s] -- Installing: /home/goku/ros2_custom/turtlebot3_ws/install/turtlebot3_simulations/share/turtlebot3_simulations/environment/path.dsv
[0.507s] -- Installing: /home/goku/ros2_custom/turtlebot3_ws/install/turtlebot3_simulations/share/turtlebot3_simulations/local_setup.bash
[0.507s] -- Installing: /home/goku/ros2_custom/turtlebot3_ws/install/turtlebot3_simulations/share/turtlebot3_simulations/local_setup.sh
[0.507s] -- Installing: /home/goku/ros2_custom/turtlebot3_ws/install/turtlebot3_simulations/share/turtlebot3_simulations/local_setup.zsh
[0.507s] -- Installing: /home/goku/ros2_custom/turtlebot3_ws/install/turtlebot3_simulations/share/turtlebot3_simulations/local_setup.dsv
[0.507s] -- Installing: /home/goku/ros2_custom/turtlebot3_ws/install/turtlebot3_simulations/share/turtlebot3_simulations/package.dsv
[0.508s] -- Installing: /home/goku/ros2_custom/turtlebot3_ws/install/turtlebot3_simulations/share/ament_index/resource_index/packages/turtlebot3_simulations
[0.508s] -- Installing: /home/goku/ros2_custom/turtlebot3_ws/install/turtlebot3_simulations/share/turtlebot3_simulations/cmake/turtlebot3_simulationsConfig.cmake
[0.508s] -- Installing: /home/goku/ros2_custom/turtlebot3_ws/install/turtlebot3_simulations/share/turtlebot3_simulations/cmake/turtlebot3_simulationsConfig-version.cmake
[0.508s] -- Installing: /home/goku/ros2_custom/turtlebot3_ws/install/turtlebot3_simulations/share/turtlebot3_simulations/package.xml
[0.511s] Invoked command in '/home/goku/ros2_custom/turtlebot3_ws/build/turtlebot3_simulations' returned '0': AMENT_PREFIX_PATH=/home/goku/ros2_custom/turtlebot3_ws/install/turtlebot3_gazebo:/home/goku/ros2_custom/turtlebot3_ws/install/turtlebot3_fake_node:${AMENT_PREFIX_PATH} CMAKE_PREFIX_PATH=/home/goku/ros2_custom/turtlebot3_ws/install/turtlebot3_gazebo:/home/goku/ros2_custom/turtlebot3_ws/install/turtlebot3_fake_node:/home/goku/ros2_ws/install/ros2_project_cpp:/home/goku/ros2_ws/install/my_cpp_pkg:/home/goku/ros2_ws/install/ultimate_pkg:/home/goku/ros2_ws/install/ros2_project_py:/home/goku/ros2_ws/install/my_py_pkg:/home/goku/ros2_ws/install/first_bot:/opt/ros/humble /usr/bin/cmake --install /home/goku/ros2_custom/turtlebot3_ws/build/turtlebot3_simulations
